<?xml version="1.0" encoding="UTF-8"?>
<testsuite xmlns:xsi="http://www.w3.org/2001/XMLSchema-instance" xsi:noNamespaceSchemaLocation="https://maven.apache.org/surefire/maven-surefire-plugin/xsd/surefire-test-report-3.0.xsd" version="3.0" name="org.acme.rest.EnclosureResourceTest" time="0.255" tests="3" errors="0" skipped="0" failures="0">
  <properties>
    <property name="java.specification.version" value="17"/>
    <property name="sun.cpu.isalist" value="amd64"/>
    <property name="test.url" value="http://localhost:8081"/>
    <property name="sun.jnu.encoding" value="Cp1252"/>
    <property name="java.class.path" value="C:\Users\JoaoAndrade\Documents\Projects\Quarkus\quarkus_app\target\test-classes;C:\Users\JoaoAndrade\Documents\Projects\Quarkus\quarkus_app\target\classes;C:\Users\JoaoAndrade\.m2\repository\io\quarkus\quarkus-resteasy-reactive-jackson\3.6.7\quarkus-resteasy-reactive-jackson-3.6.7.jar;C:\Users\JoaoAndrade\.m2\repository\io\quarkus\quarkus-resteasy-reactive-jackson-common\3.6.7\quarkus-resteasy-reactive-jackson-common-3.6.7.jar;C:\Users\JoaoAndrade\.m2\repository\io\quarkus\resteasy\reactive\resteasy-reactive-jackson\3.6.7\resteasy-reactive-jackson-3.6.7.jar;C:\Users\JoaoAndrade\.m2\repository\io\quarkus\quarkus-vertx\3.6.7\quarkus-vertx-3.6.7.jar;C:\Users\JoaoAndrade\.m2\repository\io\quarkus\quarkus-netty\3.6.7\quarkus-netty-3.6.7.jar;C:\Users\JoaoAndrade\.m2\repository\io\netty\netty-codec\4.1.100.Final\netty-codec-4.1.100.Final.jar;C:\Users\JoaoAndrade\.m2\repository\io\netty\netty-common\4.1.100.Final\netty-common-4.1.100.Final.jar;C:\Users\JoaoAndrade\.m2\repository\io\netty\netty-codec-http\4.1.100.Final\netty-codec-http-4.1.100.Final.jar;C:\Users\JoaoAndrade\.m2\repository\io\netty\netty-codec-http2\4.1.100.Final\netty-codec-http2-4.1.100.Final.jar;C:\Users\JoaoAndrade\.m2\repository\io\netty\netty-handler\4.1.100.Final\netty-handler-4.1.100.Final.jar;C:\Users\JoaoAndrade\.m2\repository\io\netty\netty-resolver\4.1.100.Final\netty-resolver-4.1.100.Final.jar;C:\Users\JoaoAndrade\.m2\repository\io\netty\netty-transport-native-unix-common\4.1.100.Final\netty-transport-native-unix-common-4.1.100.Final.jar;C:\Users\JoaoAndrade\.m2\repository\jakarta\enterprise\jakarta.enterprise.cdi-api\4.0.1\jakarta.enterprise.cdi-api-4.0.1.jar;C:\Users\JoaoAndrade\.m2\repository\jakarta\enterprise\jakarta.enterprise.lang-model\4.0.1\jakarta.enterprise.lang-model-4.0.1.jar;C:\Users\JoaoAndrade\.m2\repository\jakarta\el\jakarta.el-api\5.0.1\jakarta.el-api-5.0.1.jar;C:\Users\JoaoAndrade\.m2\repository\com\aayushatharva\brotli4j\brotli4j\1.12.0\brotli4j-1.12.0.jar;C:\Users\JoaoAndrade\.m2\repository\com\aayushatharva\brotli4j\service\1.12.0\service-1.12.0.jar;C:\Users\JoaoAndrade\.m2\repository\com\aayushatharva\brotli4j\native-windows-x86_64\1.12.0\native-windows-x86_64-1.12.0.jar;C:\Users\JoaoAndrade\.m2\repository\io\netty\netty-codec-haproxy\4.1.100.Final\netty-codec-haproxy-4.1.100.Final.jar;C:\Users\JoaoAndrade\.m2\repository\io\netty\netty-buffer\4.1.100.Final\netty-buffer-4.1.100.Final.jar;C:\Users\JoaoAndrade\.m2\repository\io\netty\netty-transport\4.1.100.Final\netty-transport-4.1.100.Final.jar;C:\Users\JoaoAndrade\.m2\repository\io\smallrye\common\smallrye-common-annotation\2.1.2\smallrye-common-annotation-2.1.2.jar;C:\Users\JoaoAndrade\.m2\repository\io\smallrye\common\smallrye-common-vertx-context\2.1.2\smallrye-common-vertx-context-2.1.2.jar;C:\Users\JoaoAndrade\.m2\repository\io\vertx\vertx-core\4.4.6\vertx-core-4.4.6.jar;C:\Users\JoaoAndrade\.m2\repository\io\netty\netty-handler-proxy\4.1.100.Final\netty-handler-proxy-4.1.100.Final.jar;C:\Users\JoaoAndrade\.m2\repository\io\netty\netty-codec-socks\4.1.100.Final\netty-codec-socks-4.1.100.Final.jar;C:\Users\JoaoAndrade\.m2\repository\io\netty\netty-resolver-dns\4.1.100.Final\netty-resolver-dns-4.1.100.Final.jar;C:\Users\JoaoAndrade\.m2\repository\io\netty\netty-codec-dns\4.1.100.Final\netty-codec-dns-4.1.100.Final.jar;C:\Users\JoaoAndrade\.m2\repository\io\smallrye\common\smallrye-common-constraint\2.1.2\smallrye-common-constraint-2.1.2.jar;C:\Users\JoaoAndrade\.m2\repository\io\quarkus\quarkus-mutiny\3.6.7\quarkus-mutiny-3.6.7.jar;C:\Users\JoaoAndrade\.m2\repository\io\smallrye\reactive\mutiny\2.5.1\mutiny-2.5.1.jar;C:\Users\JoaoAndrade\.m2\repository\io\quarkus\quarkus-smallrye-context-propagation\3.6.7\quarkus-smallrye-context-propagation-3.6.7.jar;C:\Users\JoaoAndrade\.m2\repository\io\smallrye\smallrye-context-propagation\2.1.0\smallrye-context-propagation-2.1.0.jar;C:\Users\JoaoAndrade\.m2\repository\org\eclipse\microprofile\config\microprofile-config-api\3.0.3\microprofile-config-api-3.0.3.jar;C:\Users\JoaoAndrade\.m2\repository\io\smallrye\smallrye-context-propagation-api\2.1.0\smallrye-context-propagation-api-2.1.0.jar;C:\Users\JoaoAndrade\.m2\repository\io\smallrye\smallrye-context-propagation-storage\2.1.0\smallrye-context-propagation-storage-2.1.0.jar;C:\Users\JoaoAndrade\.m2\repository\io\smallrye\reactive\mutiny-smallrye-context-propagation\2.5.1\mutiny-smallrye-context-propagation-2.5.1.jar;C:\Users\JoaoAndrade\.m2\repository\io\quarkus\quarkus-virtual-threads\3.6.7\quarkus-virtual-threads-3.6.7.jar;C:\Users\JoaoAndrade\.m2\repository\io\quarkus\quarkus-vertx-latebound-mdc-provider\3.6.7\quarkus-vertx-latebound-mdc-provider-3.6.7.jar;C:\Users\JoaoAndrade\.m2\repository\io\smallrye\reactive\smallrye-mutiny-vertx-core\3.7.2\smallrye-mutiny-vertx-core-3.7.2.jar;C:\Users\JoaoAndrade\.m2\repository\io\smallrye\reactive\smallrye-mutiny-vertx-runtime\3.7.2\smallrye-mutiny-vertx-runtime-3.7.2.jar;C:\Users\JoaoAndrade\.m2\repository\io\smallrye\reactive\vertx-mutiny-generator\3.7.2\vertx-mutiny-generator-3.7.2.jar;C:\Users\JoaoAndrade\.m2\repository\io\vertx\vertx-codegen\4.4.6\vertx-codegen-4.4.6.jar;C:\Users\JoaoAndrade\.m2\repository\io\smallrye\smallrye-fault-tolerance-vertx\6.2.6\smallrye-fault-tolerance-vertx-6.2.6.jar;C:\Users\JoaoAndrade\.m2\repository\io\quarkus\quarkus-logging-json\3.6.7\quarkus-logging-json-3.6.7.jar;C:\Users\JoaoAndrade\.m2\repository\io\quarkus\quarkus-core\3.6.7\quarkus-core-3.6.7.jar;C:\Users\JoaoAndrade\.m2\repository\jakarta\annotation\jakarta.annotation-api\2.1.1\jakarta.annotation-api-2.1.1.jar;C:\Users\JoaoAndrade\.m2\repository\jakarta\inject\jakarta.inject-api\2.0.1\jakarta.inject-api-2.0.1.jar;C:\Users\JoaoAndrade\.m2\repository\io\smallrye\common\smallrye-common-os\2.1.2\smallrye-common-os-2.1.2.jar;C:\Users\JoaoAndrade\.m2\repository\io\quarkus\quarkus-ide-launcher\3.6.7\quarkus-ide-launcher-3.6.7.jar;C:\Users\JoaoAndrade\.m2\repository\io\quarkus\quarkus-development-mode-spi\3.6.7\quarkus-development-mode-spi-3.6.7.jar;C:\Users\JoaoAndrade\.m2\repository\io\smallrye\config\smallrye-config\3.4.4\smallrye-config-3.4.4.jar;C:\Users\JoaoAndrade\.m2\repository\io\smallrye\config\smallrye-config-core\3.4.4\smallrye-config-core-3.4.4.jar;C:\Users\JoaoAndrade\.m2\repository\io\smallrye\common\smallrye-common-classloader\2.1.2\smallrye-common-classloader-2.1.2.jar;C:\Users\JoaoAndrade\.m2\repository\io\smallrye\config\smallrye-config-common\3.4.4\smallrye-config-common-3.4.4.jar;C:\Users\JoaoAndrade\.m2\repository\org\jboss\logging\jboss-logging\3.5.3.Final\jboss-logging-3.5.3.Final.jar;C:\Users\JoaoAndrade\.m2\repository\org\jboss\logging\jboss-logging-annotations\2.2.1.Final\jboss-logging-annotations-2.2.1.Final.jar;C:\Users\JoaoAndrade\.m2\repository\org\jboss\threads\jboss-threads\3.5.1.Final\jboss-threads-3.5.1.Final.jar;C:\Users\JoaoAndrade\.m2\repository\org\slf4j\slf4j-api\2.0.6\slf4j-api-2.0.6.jar;C:\Users\JoaoAndrade\.m2\repository\org\jboss\slf4j\slf4j-jboss-logmanager\2.0.0.Final\slf4j-jboss-logmanager-2.0.0.Final.jar;C:\Users\JoaoAndrade\.m2\repository\org\wildfly\common\wildfly-common\1.7.0.Final\wildfly-common-1.7.0.Final.jar;C:\Users\JoaoAndrade\.m2\repository\io\quarkus\quarkus-bootstrap-runner\3.6.7\quarkus-bootstrap-runner-3.6.7.jar;C:\Users\JoaoAndrade\.m2\repository\io\quarkus\quarkus-fs-util\0.0.9\quarkus-fs-util-0.0.9.jar;C:\Users\JoaoAndrade\.m2\repository\io\quarkus\quarkus-jsonp\3.6.7\quarkus-jsonp-3.6.7.jar;C:\Users\JoaoAndrade\.m2\repository\org\eclipse\parsson\parsson\1.1.5\parsson-1.1.5.jar;C:\Users\JoaoAndrade\.m2\repository\org\jboss\logmanager\jboss-logmanager\3.0.4.Final\jboss-logmanager-3.0.4.Final.jar;C:\Users\JoaoAndrade\.m2\repository\io\smallrye\common\smallrye-common-cpu\2.1.2\smallrye-common-cpu-2.1.2.jar;C:\Users\JoaoAndrade\.m2\repository\io\smallrye\common\smallrye-common-expression\2.1.2\smallrye-common-expression-2.1.2.jar;C:\Users\JoaoAndrade\.m2\repository\io\smallrye\common\smallrye-common-function\2.1.2\smallrye-common-function-2.1.2.jar;C:\Users\JoaoAndrade\.m2\repository\io\smallrye\common\smallrye-common-net\2.1.2\smallrye-common-net-2.1.2.jar;C:\Users\JoaoAndrade\.m2\repository\io\smallrye\common\smallrye-common-ref\2.1.2\smallrye-common-ref-2.1.2.jar;C:\Users\JoaoAndrade\.m2\repository\jakarta\json\jakarta.json-api\2.1.3\jakarta.json-api-2.1.3.jar;C:\Users\JoaoAndrade\.m2\repository\io\quarkus\quarkus-reactive-pg-client\3.6.7\quarkus-reactive-pg-client-3.6.7.jar;C:\Users\JoaoAndrade\.m2\repository\io\quarkus\quarkus-reactive-datasource\3.6.7\quarkus-reactive-datasource-3.6.7.jar;C:\Users\JoaoAndrade\.m2\repository\io\quarkus\quarkus-datasource\3.6.7\quarkus-datasource-3.6.7.jar;C:\Users\JoaoAndrade\.m2\repository\io\vertx\vertx-sql-client\4.4.6\vertx-sql-client-4.4.6.jar;C:\Users\JoaoAndrade\.m2\repository\io\vertx\vertx-pg-client\4.4.6\vertx-pg-client-4.4.6.jar;C:\Users\JoaoAndrade\.m2\repository\com\ongres\scram\client\2.1\client-2.1.jar;C:\Users\JoaoAndrade\.m2\repository\com\ongres\scram\common\2.1\common-2.1.jar;C:\Users\JoaoAndrade\.m2\repository\com\ongres\stringprep\saslprep\1.1\saslprep-1.1.jar;C:\Users\JoaoAndrade\.m2\repository\com\ongres\stringprep\stringprep\1.1\stringprep-1.1.jar;C:\Users\JoaoAndrade\.m2\repository\io\smallrye\reactive\smallrye-mutiny-vertx-pg-client\3.7.2\smallrye-mutiny-vertx-pg-client-3.7.2.jar;C:\Users\JoaoAndrade\.m2\repository\io\smallrye\reactive\smallrye-mutiny-vertx-sql-client\3.7.2\smallrye-mutiny-vertx-sql-client-3.7.2.jar;C:\Users\JoaoAndrade\.m2\repository\io\quarkus\quarkus-credentials\3.6.7\quarkus-credentials-3.6.7.jar;C:\Users\JoaoAndrade\.m2\repository\io\quarkus\quarkus-arc\3.6.7\quarkus-arc-3.6.7.jar;C:\Users\JoaoAndrade\.m2\repository\io\quarkus\arc\arc\3.6.7\arc-3.6.7.jar;C:\Users\JoaoAndrade\.m2\repository\jakarta\transaction\jakarta.transaction-api\2.0.1\jakarta.transaction-api-2.0.1.jar;C:\Users\JoaoAndrade\.m2\repository\org\eclipse\microprofile\context-propagation\microprofile-context-propagation-api\1.3\microprofile-context-propagation-api-1.3.jar;C:\Users\JoaoAndrade\.m2\repository\io\quarkiverse\openapi\generator\quarkus-openapi-generator\2.2.16\quarkus-openapi-generator-2.2.16.jar;C:\Users\JoaoAndrade\.m2\repository\io\quarkus\quarkus-qute\3.6.7\quarkus-qute-3.6.7.jar;C:\Users\JoaoAndrade\.m2\repository\io\quarkus\qute\qute-core\3.6.7\qute-core-3.6.7.jar;C:\Users\JoaoAndrade\.m2\repository\io\quarkus\quarkus-rest-client-jackson\3.6.7\quarkus-rest-client-jackson-3.6.7.jar;C:\Users\JoaoAndrade\.m2\repository\io\quarkus\quarkus-rest-client\3.6.7\quarkus-rest-client-3.6.7.jar;C:\Users\JoaoAndrade\.m2\repository\io\quarkus\quarkus-resteasy-common\3.6.7\quarkus-resteasy-common-3.6.7.jar;C:\Users\JoaoAndrade\.m2\repository\org\jboss\resteasy\resteasy-core\6.2.7.Final\resteasy-core-6.2.7.Final.jar;C:\Users\JoaoAndrade\.m2\repository\org\jboss\resteasy\resteasy-core-spi\6.2.7.Final\resteasy-core-spi-6.2.7.Final.jar;C:\Users\JoaoAndrade\.m2\repository\jakarta\validation\jakarta.validation-api\3.0.2\jakarta.validation-api-3.0.2.jar;C:\Users\JoaoAndrade\.m2\repository\com\ibm\async\asyncutil\0.1.0\asyncutil-0.1.0.jar;C:\Users\JoaoAndrade\.m2\repository\org\eclipse\angus\angus-activation\2.0.1\angus-activation-2.0.1.jar;C:\Users\JoaoAndrade\.m2\repository\org\jboss\resteasy\microprofile\microprofile-config\2.1.4.Final\microprofile-config-2.1.4.Final.jar;C:\Users\JoaoAndrade\.m2\repository\jakarta\servlet\jakarta.servlet-api\6.0.0\jakarta.servlet-api-6.0.0.jar;C:\Users\JoaoAndrade\.m2\repository\io\quarkus\quarkus-apache-httpclient\3.6.7\quarkus-apache-httpclient-3.6.7.jar;C:\Users\JoaoAndrade\.m2\repository\io\quarkus\quarkus-rest-client-config\3.6.7\quarkus-rest-client-config-3.6.7.jar;C:\Users\JoaoAndrade\.m2\repository\org\eclipse\microprofile\rest\client\microprofile-rest-client-api\3.0.1\microprofile-rest-client-api-3.0.1.jar;C:\Users\JoaoAndrade\.m2\repository\org\jboss\resteasy\microprofile\microprofile-rest-client\2.1.4.Final\microprofile-rest-client-2.1.4.Final.jar;C:\Users\JoaoAndrade\.m2\repository\org\jboss\resteasy\microprofile\microprofile-rest-client-base\2.1.4.Final\microprofile-rest-client-base-2.1.4.Final.jar;C:\Users\JoaoAndrade\.m2\repository\org\jboss\resteasy\resteasy-client\6.2.7.Final\resteasy-client-6.2.7.Final.jar;C:\Users\JoaoAndrade\.m2\repository\org\jboss\resteasy\resteasy-client-api\6.2.7.Final\resteasy-client-api-6.2.7.Final.jar;C:\Users\JoaoAndrade\.m2\repository\jakarta\interceptor\jakarta.interceptor-api\2.1.0\jakarta.interceptor-api-2.1.0.jar;C:\Users\JoaoAndrade\.m2\repository\jakarta\ws\rs\jakarta.ws.rs-api\3.1.0\jakarta.ws.rs-api-3.1.0.jar;C:\Users\JoaoAndrade\.m2\repository\org\apache\httpcomponents\httpasyncclient\4.1.5\httpasyncclient-4.1.5.jar;C:\Users\JoaoAndrade\.m2\repository\org\apache\httpcomponents\httpcore-nio\4.4.16\httpcore-nio-4.4.16.jar;C:\Users\JoaoAndrade\.m2\repository\org\jboss\logging\commons-logging-jboss-logging\1.0.0.Final\commons-logging-jboss-logging-1.0.0.Final.jar;C:\Users\JoaoAndrade\.m2\repository\io\quarkus\quarkus-jackson\3.6.7\quarkus-jackson-3.6.7.jar;C:\Users\JoaoAndrade\.m2\repository\com\fasterxml\jackson\core\jackson-databind\2.15.3\jackson-databind-2.15.3.jar;C:\Users\JoaoAndrade\.m2\repository\com\fasterxml\jackson\datatype\jackson-datatype-jsr310\2.15.3\jackson-datatype-jsr310-2.15.3.jar;C:\Users\JoaoAndrade\.m2\repository\com\fasterxml\jackson\datatype\jackson-datatype-jdk8\2.15.3\jackson-datatype-jdk8-2.15.3.jar;C:\Users\JoaoAndrade\.m2\repository\com\fasterxml\jackson\module\jackson-module-parameter-names\2.15.3\jackson-module-parameter-names-2.15.3.jar;C:\Users\JoaoAndrade\.m2\repository\org\jboss\resteasy\resteasy-jackson2-provider\6.2.7.Final\resteasy-jackson2-provider-6.2.7.Final.jar;C:\Users\JoaoAndrade\.m2\repository\com\fasterxml\jackson\core\jackson-core\2.15.3\jackson-core-2.15.3.jar;C:\Users\JoaoAndrade\.m2\repository\com\fasterxml\jackson\core\jackson-annotations\2.15.3\jackson-annotations-2.15.3.jar;C:\Users\JoaoAndrade\.m2\repository\com\fasterxml\jackson\jakarta\rs\jackson-jakarta-rs-base\2.15.3\jackson-jakarta-rs-base-2.15.3.jar;C:\Users\JoaoAndrade\.m2\repository\com\fasterxml\jackson\jakarta\rs\jackson-jakarta-rs-json-provider\2.15.3\jackson-jakarta-rs-json-provider-2.15.3.jar;C:\Users\JoaoAndrade\.m2\repository\com\fasterxml\jackson\module\jackson-module-jakarta-xmlbind-annotations\2.15.3\jackson-module-jakarta-xmlbind-annotations-2.15.3.jar;C:\Users\JoaoAndrade\.m2\repository\com\github\java-json-tools\json-patch\1.13\json-patch-1.13.jar;C:\Users\JoaoAndrade\.m2\repository\com\github\java-json-tools\msg-simple\1.2\msg-simple-1.2.jar;C:\Users\JoaoAndrade\.m2\repository\com\github\java-json-tools\btf\1.3\btf-1.3.jar;C:\Users\JoaoAndrade\.m2\repository\com\github\java-json-tools\jackson-coreutils\2.0\jackson-coreutils-2.0.jar;C:\Users\JoaoAndrade\.m2\repository\jakarta\xml\bind\jakarta.xml.bind-api\4.0.1\jakarta.xml.bind-api-4.0.1.jar;C:\Users\JoaoAndrade\.m2\repository\jakarta\activation\jakarta.activation-api\2.1.2\jakarta.activation-api-2.1.2.jar;C:\Users\JoaoAndrade\.m2\repository\io\quarkus\quarkus-container-image-docker\3.6.7\quarkus-container-image-docker-3.6.7.jar;C:\Users\JoaoAndrade\.m2\repository\io\quarkus\quarkus-container-image\3.6.7\quarkus-container-image-3.6.7.jar;C:\Users\JoaoAndrade\.m2\repository\io\quarkus\quarkus-security-jpa-reactive\3.6.7\quarkus-security-jpa-reactive-3.6.7.jar;C:\Users\JoaoAndrade\.m2\repository\io\quarkus\quarkus-security-jpa-common\3.6.7\quarkus-security-jpa-common-3.6.7.jar;C:\Users\JoaoAndrade\.m2\repository\io\quarkus\quarkus-elytron-security-common\3.6.7\quarkus-elytron-security-common-3.6.7.jar;C:\Users\JoaoAndrade\.m2\repository\org\wildfly\security\wildfly-elytron-credential\2.2.2.Final\wildfly-elytron-credential-2.2.2.Final.jar;C:\Users\JoaoAndrade\.m2\repository\org\wildfly\security\wildfly-elytron-asn1\2.2.2.Final\wildfly-elytron-asn1-2.2.2.Final.jar;C:\Users\JoaoAndrade\.m2\repository\org\wildfly\security\wildfly-elytron-keystore\2.2.2.Final\wildfly-elytron-keystore-2.2.2.Final.jar;C:\Users\JoaoAndrade\.m2\repository\org\wildfly\security\wildfly-elytron-util\2.2.2.Final\wildfly-elytron-util-2.2.2.Final.jar;C:\Users\JoaoAndrade\.m2\repository\org\wildfly\security\wildfly-elytron-base\2.2.2.Final\wildfly-elytron-base-2.2.2.Final.jar;C:\Users\JoaoAndrade\.m2\repository\org\wildfly\security\wildfly-elytron-x500-cert\2.2.2.Final\wildfly-elytron-x500-cert-2.2.2.Final.jar;C:\Users\JoaoAndrade\.m2\repository\org\wildfly\security\wildfly-elytron-x500-cert-util\2.2.2.Final\wildfly-elytron-x500-cert-util-2.2.2.Final.jar;C:\Users\JoaoAndrade\.m2\repository\org\wildfly\security\wildfly-elytron-provider-util\2.2.2.Final\wildfly-elytron-provider-util-2.2.2.Final.jar;C:\Users\JoaoAndrade\.m2\repository\org\wildfly\security\wildfly-elytron-x500\2.2.2.Final\wildfly-elytron-x500-2.2.2.Final.jar;C:\Users\JoaoAndrade\.m2\repository\org\wildfly\security\wildfly-elytron-password-impl\2.2.2.Final\wildfly-elytron-password-impl-2.2.2.Final.jar;C:\Users\JoaoAndrade\.m2\repository\io\quarkus\quarkus-security\3.6.7\quarkus-security-3.6.7.jar;C:\Users\JoaoAndrade\.m2\repository\io\quarkus\quarkus-hibernate-reactive\3.6.7\quarkus-hibernate-reactive-3.6.7.jar;C:\Users\JoaoAndrade\.m2\repository\io\quarkus\quarkus-hibernate-orm\3.6.7\quarkus-hibernate-orm-3.6.7.jar;C:\Users\JoaoAndrade\.m2\repository\org\hibernate\orm\hibernate-core\6.2.19.Final\hibernate-core-6.2.19.Final.jar;C:\Users\JoaoAndrade\.m2\repository\com\fasterxml\classmate\1.5.1\classmate-1.5.1.jar;C:\Users\JoaoAndrade\.m2\repository\org\antlr\antlr4-runtime\4.10.1\antlr4-runtime-4.10.1.jar;C:\Users\JoaoAndrade\.m2\repository\net\bytebuddy\byte-buddy\1.14.7\byte-buddy-1.14.7.jar;C:\Users\JoaoAndrade\.m2\repository\org\hibernate\common\hibernate-commons-annotations\6.0.6.Final\hibernate-commons-annotations-6.0.6.Final.jar;C:\Users\JoaoAndrade\.m2\repository\org\hibernate\orm\hibernate-graalvm\6.2.19.Final\hibernate-graalvm-6.2.19.Final.jar;C:\Users\JoaoAndrade\.m2\repository\org\glassfish\jaxb\jaxb-runtime\4.0.4\jaxb-runtime-4.0.4.jar;C:\Users\JoaoAndrade\.m2\repository\org\glassfish\jaxb\jaxb-core\4.0.4\jaxb-core-4.0.4.jar;C:\Users\JoaoAndrade\.m2\repository\org\glassfish\jaxb\txw2\4.0.4\txw2-4.0.4.jar;C:\Users\JoaoAndrade\.m2\repository\com\sun\istack\istack-commons-runtime\4.1.2\istack-commons-runtime-4.1.2.jar;C:\Users\JoaoAndrade\.m2\repository\jakarta\persistence\jakarta.persistence-api\3.1.0\jakarta.persistence-api-3.1.0.jar;C:\Users\JoaoAndrade\.m2\repository\org\hibernate\quarkus-local-cache\0.2.1\quarkus-local-cache-0.2.1.jar;C:\Users\JoaoAndrade\.m2\repository\io\quarkus\quarkus-caffeine\3.6.7\quarkus-caffeine-3.6.7.jar;C:\Users\JoaoAndrade\.m2\repository\com\github\ben-manes\caffeine\caffeine\3.1.5\caffeine-3.1.5.jar;C:\Users\JoaoAndrade\.m2\repository\com\google\errorprone\error_prone_annotations\2.22.0\error_prone_annotations-2.22.0.jar;C:\Users\JoaoAndrade\.m2\repository\org\hibernate\reactive\hibernate-reactive-core\2.0.8.Final\hibernate-reactive-core-2.0.8.Final.jar;C:\Users\JoaoAndrade\.m2\repository\io\quarkus\quarkus-junit5\3.6.7\quarkus-junit5-3.6.7.jar;C:\Users\JoaoAndrade\.m2\repository\io\quarkus\quarkus-bootstrap-core\3.6.7\quarkus-bootstrap-core-3.6.7.jar;C:\Users\JoaoAndrade\.m2\repository\io\quarkus\quarkus-bootstrap-app-model\3.6.7\quarkus-bootstrap-app-model-3.6.7.jar;C:\Users\JoaoAndrade\.m2\repository\io\smallrye\common\smallrye-common-io\2.1.2\smallrye-common-io-2.1.2.jar;C:\Users\JoaoAndrade\.m2\repository\org\eclipse\sisu\org.eclipse.sisu.inject\0.9.0.M2\org.eclipse.sisu.inject-0.9.0.M2.jar;C:\Users\JoaoAndrade\.m2\repository\io\quarkus\quarkus-test-common\3.6.7\quarkus-test-common-3.6.7.jar;C:\Users\JoaoAndrade\.m2\repository\io\quarkus\quarkus-core-deployment\3.6.7\quarkus-core-deployment-3.6.7.jar;C:\Users\JoaoAndrade\.m2\repository\org\aesh\readline\2.4\readline-2.4.jar;C:\Users\JoaoAndrade\.m2\repository\org\fusesource\jansi\jansi\2.4.0\jansi-2.4.0.jar;C:\Users\JoaoAndrade\.m2\repository\org\aesh\aesh\2.7\aesh-2.7.jar;C:\Users\JoaoAndrade\.m2\repository\io\quarkus\gizmo\gizmo\1.7.0\gizmo-1.7.0.jar;C:\Users\JoaoAndrade\.m2\repository\org\ow2\asm\asm-util\9.6\asm-util-9.6.jar;C:\Users\JoaoAndrade\.m2\repository\org\ow2\asm\asm-analysis\9.6\asm-analysis-9.6.jar;C:\Users\JoaoAndrade\.m2\repository\io\quarkus\quarkus-class-change-agent\3.6.7\quarkus-class-change-agent-3.6.7.jar;C:\Users\JoaoAndrade\.m2\repository\io\quarkus\quarkus-devtools-utilities\3.6.7\quarkus-devtools-utilities-3.6.7.jar;C:\Users\JoaoAndrade\.m2\repository\io\quarkus\quarkus-builder\3.6.7\quarkus-builder-3.6.7.jar;C:\Users\JoaoAndrade\.m2\repository\org\graalvm\sdk\graal-sdk\23.0.1\graal-sdk-23.0.1.jar;C:\Users\JoaoAndrade\.m2\repository\org\junit\platform\junit-platform-launcher\1.10.1\junit-platform-launcher-1.10.1.jar;C:\Users\JoaoAndrade\.m2\repository\io\quarkus\quarkus-bootstrap-maven-resolver\3.6.7\quarkus-bootstrap-maven-resolver-3.6.7.jar;C:\Users\JoaoAndrade\.m2\repository\io\smallrye\beanbag\smallrye-beanbag-maven\1.3.2\smallrye-beanbag-maven-1.3.2.jar;C:\Users\JoaoAndrade\.m2\repository\io\smallrye\beanbag\smallrye-beanbag-sisu\1.3.2\smallrye-beanbag-sisu-1.3.2.jar;C:\Users\JoaoAndrade\.m2\repository\io\smallrye\beanbag\smallrye-beanbag\1.3.2\smallrye-beanbag-1.3.2.jar;C:\Users\JoaoAndrade\.m2\repository\javax\inject\javax.inject\1\javax.inject-1.jar;C:\Users\JoaoAndrade\.m2\repository\org\apache\maven\maven-artifact\3.9.6\maven-artifact-3.9.6.jar;C:\Users\JoaoAndrade\.m2\repository\org\apache\maven\maven-builder-support\3.9.6\maven-builder-support-3.9.6.jar;C:\Users\JoaoAndrade\.m2\repository\org\apache\maven\maven-model\3.9.6\maven-model-3.9.6.jar;C:\Users\JoaoAndrade\.m2\repository\org\apache\maven\maven-model-builder\3.9.6\maven-model-builder-3.9.6.jar;C:\Users\JoaoAndrade\.m2\repository\org\apache\maven\maven-repository-metadata\3.9.6\maven-repository-metadata-3.9.6.jar;C:\Users\JoaoAndrade\.m2\repository\org\apache\maven\maven-settings\3.9.6\maven-settings-3.9.6.jar;C:\Users\JoaoAndrade\.m2\repository\org\apache\maven\resolver\maven-resolver-api\1.9.18\maven-resolver-api-1.9.18.jar;C:\Users\JoaoAndrade\.m2\repository\org\apache\maven\resolver\maven-resolver-impl\1.9.18\maven-resolver-impl-1.9.18.jar;C:\Users\JoaoAndrade\.m2\repository\org\apache\maven\resolver\maven-resolver-named-locks\1.9.18\maven-resolver-named-locks-1.9.18.jar;C:\Users\JoaoAndrade\.m2\repository\org\apache\maven\resolver\maven-resolver-spi\1.9.18\maven-resolver-spi-1.9.18.jar;C:\Users\JoaoAndrade\.m2\repository\org\apache\maven\resolver\maven-resolver-util\1.9.18\maven-resolver-util-1.9.18.jar;C:\Users\JoaoAndrade\.m2\repository\org\apache\maven\resolver\maven-resolver-transport-http\1.9.10\maven-resolver-transport-http-1.9.10.jar;C:\Users\JoaoAndrade\.m2\repository\org\apache\maven\wagon\wagon-provider-api\3.5.3\wagon-provider-api-3.5.3.jar;C:\Users\JoaoAndrade\.m2\repository\org\apache\maven\wagon\wagon-http-shared\3.5.3\wagon-http-shared-3.5.3.jar;C:\Users\JoaoAndrade\.m2\repository\org\codehaus\plexus\plexus-interpolation\1.26\plexus-interpolation-1.26.jar;C:\Users\JoaoAndrade\.m2\repository\org\codehaus\plexus\plexus-utils\3.5.1\plexus-utils-3.5.1.jar;C:\Users\JoaoAndrade\.m2\repository\org\codehaus\plexus\plexus-xml\4.0.0\plexus-xml-4.0.0.jar;C:\Users\JoaoAndrade\.m2\repository\org\apache\maven\maven-xml-impl\4.0.0-alpha-5\maven-xml-impl-4.0.0-alpha-5.jar;C:\Users\JoaoAndrade\.m2\repository\org\apache\maven\maven-api-xml\4.0.0-alpha-5\maven-api-xml-4.0.0-alpha-5.jar;C:\Users\JoaoAndrade\.m2\repository\org\apache\maven\maven-api-meta\4.0.0-alpha-5\maven-api-meta-4.0.0-alpha-5.jar;C:\Users\JoaoAndrade\.m2\repository\org\codehaus\plexus\plexus-cipher\2.0\plexus-cipher-2.0.jar;C:\Users\JoaoAndrade\.m2\repository\org\codehaus\plexus\plexus-sec-dispatcher\2.0\plexus-sec-dispatcher-2.0.jar;C:\Users\JoaoAndrade\.m2\repository\org\apache\maven\maven-embedder\3.9.6\maven-embedder-3.9.6.jar;C:\Users\JoaoAndrade\.m2\repository\org\apache\maven\maven-core\3.9.6\maven-core-3.9.6.jar;C:\Users\JoaoAndrade\.m2\repository\org\codehaus\plexus\plexus-component-annotations\2.1.0\plexus-component-annotations-2.1.0.jar;C:\Users\JoaoAndrade\.m2\repository\org\apache\maven\maven-plugin-api\3.9.6\maven-plugin-api-3.9.6.jar;C:\Users\JoaoAndrade\.m2\repository\org\apache\maven\shared\maven-shared-utils\3.3.4\maven-shared-utils-3.3.4.jar;C:\Users\JoaoAndrade\.m2\repository\com\google\inject\guice\5.1.0\guice-5.1.0.jar;C:\Users\JoaoAndrade\.m2\repository\aopalliance\aopalliance\1.0\aopalliance-1.0.jar;C:\Users\JoaoAndrade\.m2\repository\com\google\guava\guava\32.1.3-jre\guava-32.1.3-jre.jar;C:\Users\JoaoAndrade\.m2\repository\com\google\guava\failureaccess\1.0.1\failureaccess-1.0.1.jar;C:\Users\JoaoAndrade\.m2\repository\org\codehaus\plexus\plexus-classworlds\2.6.0\plexus-classworlds-2.6.0.jar;C:\Users\JoaoAndrade\.m2\repository\commons-cli\commons-cli\1.5.0\commons-cli-1.5.0.jar;C:\Users\JoaoAndrade\.m2\repository\org\eclipse\sisu\org.eclipse.sisu.plexus\0.9.0.M2\org.eclipse.sisu.plexus-0.9.0.M2.jar;C:\Users\JoaoAndrade\.m2\repository\org\apache\maven\maven-settings-builder\3.9.6\maven-settings-builder-3.9.6.jar;C:\Users\JoaoAndrade\.m2\repository\org\apache\maven\maven-resolver-provider\3.9.6\maven-resolver-provider-3.9.6.jar;C:\Users\JoaoAndrade\.m2\repository\org\apache\maven\resolver\maven-resolver-connector-basic\1.9.18\maven-resolver-connector-basic-1.9.18.jar;C:\Users\JoaoAndrade\.m2\repository\org\apache\maven\resolver\maven-resolver-transport-wagon\1.9.18\maven-resolver-transport-wagon-1.9.18.jar;C:\Users\JoaoAndrade\.m2\repository\org\apache\maven\wagon\wagon-http\3.5.3\wagon-http-3.5.3.jar;C:\Users\JoaoAndrade\.m2\repository\org\apache\maven\wagon\wagon-file\3.5.3\wagon-file-3.5.3.jar;C:\Users\JoaoAndrade\.m2\repository\io\quarkus\quarkus-bootstrap-gradle-resolver\3.6.7\quarkus-bootstrap-gradle-resolver-3.6.7.jar;C:\Users\JoaoAndrade\.m2\repository\io\smallrye\jandex\3.1.6\jandex-3.1.6.jar;C:\Users\JoaoAndrade\.m2\repository\commons-io\commons-io\2.15.1\commons-io-2.15.1.jar;C:\Users\JoaoAndrade\.m2\repository\io\quarkus\quarkus-junit5-properties\3.6.7\quarkus-junit5-properties-3.6.7.jar;C:\Users\JoaoAndrade\.m2\repository\org\junit\jupiter\junit-jupiter\5.10.1\junit-jupiter-5.10.1.jar;C:\Users\JoaoAndrade\.m2\repository\org\junit\jupiter\junit-jupiter-api\5.10.1\junit-jupiter-api-5.10.1.jar;C:\Users\JoaoAndrade\.m2\repository\org\opentest4j\opentest4j\1.3.0\opentest4j-1.3.0.jar;C:\Users\JoaoAndrade\.m2\repository\org\junit\platform\junit-platform-commons\1.10.1\junit-platform-commons-1.10.1.jar;C:\Users\JoaoAndrade\.m2\repository\org\apiguardian\apiguardian-api\1.1.2\apiguardian-api-1.1.2.jar;C:\Users\JoaoAndrade\.m2\repository\org\junit\jupiter\junit-jupiter-params\5.10.1\junit-jupiter-params-5.10.1.jar;C:\Users\JoaoAndrade\.m2\repository\org\junit\jupiter\junit-jupiter-engine\5.10.1\junit-jupiter-engine-5.10.1.jar;C:\Users\JoaoAndrade\.m2\repository\org\junit\platform\junit-platform-engine\1.10.1\junit-platform-engine-1.10.1.jar;C:\Users\JoaoAndrade\.m2\repository\com\thoughtworks\xstream\xstream\1.4.20\xstream-1.4.20.jar;C:\Users\JoaoAndrade\.m2\repository\io\github\x-stream\mxparser\1.2.2\mxparser-1.2.2.jar;C:\Users\JoaoAndrade\.m2\repository\xmlpull\xmlpull\1.1.3.1\xmlpull-1.1.3.1.jar;C:\Users\JoaoAndrade\.m2\repository\io\smallrye\reactive\smallrye-mutiny-vertx-web-client\3.7.2\smallrye-mutiny-vertx-web-client-3.7.2.jar;C:\Users\JoaoAndrade\.m2\repository\io\vertx\vertx-web-client\4.4.6\vertx-web-client-4.4.6.jar;C:\Users\JoaoAndrade\.m2\repository\io\vertx\vertx-uri-template\4.4.6\vertx-uri-template-4.4.6.jar;C:\Users\JoaoAndrade\.m2\repository\io\vertx\vertx-web-common\4.4.6\vertx-web-common-4.4.6.jar;C:\Users\JoaoAndrade\.m2\repository\io\vertx\vertx-auth-common\4.4.6\vertx-auth-common-4.4.6.jar;C:\Users\JoaoAndrade\.m2\repository\io\smallrye\reactive\smallrye-mutiny-vertx-auth-common\3.7.2\smallrye-mutiny-vertx-auth-common-3.7.2.jar;C:\Users\JoaoAndrade\.m2\repository\io\smallrye\reactive\smallrye-mutiny-vertx-web-common\3.7.2\smallrye-mutiny-vertx-web-common-3.7.2.jar;C:\Users\JoaoAndrade\.m2\repository\io\smallrye\reactive\smallrye-mutiny-vertx-uri-template\3.7.2\smallrye-mutiny-vertx-uri-template-3.7.2.jar;C:\Users\JoaoAndrade\.m2\repository\io\quarkus\quarkus-flyway\3.6.7\quarkus-flyway-3.6.7.jar;C:\Users\JoaoAndrade\.m2\repository\org\flywaydb\flyway-core\9.22.3\flyway-core-9.22.3.jar;C:\Users\JoaoAndrade\.m2\repository\com\fasterxml\jackson\dataformat\jackson-dataformat-toml\2.15.3\jackson-dataformat-toml-2.15.3.jar;C:\Users\JoaoAndrade\.m2\repository\io\quarkus\quarkus-agroal\3.6.7\quarkus-agroal-3.6.7.jar;C:\Users\JoaoAndrade\.m2\repository\io\agroal\agroal-api\2.1\agroal-api-2.1.jar;C:\Users\JoaoAndrade\.m2\repository\io\agroal\agroal-narayana\2.1\agroal-narayana-2.1.jar;C:\Users\JoaoAndrade\.m2\repository\org\jboss\jboss-transaction-spi\8.0.0.Final\jboss-transaction-spi-8.0.0.Final.jar;C:\Users\JoaoAndrade\.m2\repository\io\agroal\agroal-pool\2.1\agroal-pool-2.1.jar;C:\Users\JoaoAndrade\.m2\repository\io\quarkus\quarkus-narayana-jta\3.6.7\quarkus-narayana-jta-3.6.7.jar;C:\Users\JoaoAndrade\.m2\repository\io\quarkus\quarkus-transaction-annotations\3.6.7\quarkus-transaction-annotations-3.6.7.jar;C:\Users\JoaoAndrade\.m2\repository\io\smallrye\smallrye-context-propagation-jta\2.1.0\smallrye-context-propagation-jta-2.1.0.jar;C:\Users\JoaoAndrade\.m2\repository\io\smallrye\reactive\smallrye-reactive-converter-api\3.0.1\smallrye-reactive-converter-api-3.0.1.jar;C:\Users\JoaoAndrade\.m2\repository\org\reactivestreams\reactive-streams\1.0.4\reactive-streams-1.0.4.jar;C:\Users\JoaoAndrade\.m2\repository\io\smallrye\reactive\smallrye-reactive-converter-mutiny\3.0.1\smallrye-reactive-converter-mutiny-3.0.1.jar;C:\Users\JoaoAndrade\.m2\repository\io\smallrye\reactive\mutiny-zero-flow-adapters\1.0.0\mutiny-zero-flow-adapters-1.0.0.jar;C:\Users\JoaoAndrade\.m2\repository\org\jboss\narayana\jta\narayana-jta\7.0.0.Final\narayana-jta-7.0.0.Final.jar;C:\Users\JoaoAndrade\.m2\repository\jakarta\resource\jakarta.resource-api\2.1.0\jakarta.resource-api-2.1.0.jar;C:\Users\JoaoAndrade\.m2\repository\org\jboss\invocation\jboss-invocation\2.0.0.Final\jboss-invocation-2.0.0.Final.jar;C:\Users\JoaoAndrade\.m2\repository\org\eclipse\microprofile\reactive-streams-operators\microprofile-reactive-streams-operators-api\3.0\microprofile-reactive-streams-operators-api-3.0.jar;C:\Users\JoaoAndrade\.m2\repository\org\jboss\narayana\jts\narayana-jts-integration\7.0.0.Final\narayana-jts-integration-7.0.0.Final.jar;C:\Users\JoaoAndrade\.m2\repository\io\quarkus\quarkus-datasource-common\3.6.7\quarkus-datasource-common-3.6.7.jar;C:\Users\JoaoAndrade\.m2\repository\io\quarkus\quarkus-jdbc-postgresql\3.6.7\quarkus-jdbc-postgresql-3.6.7.jar;C:\Users\JoaoAndrade\.m2\repository\org\postgresql\postgresql\42.6.0\postgresql-42.6.0.jar;C:\Users\JoaoAndrade\.m2\repository\io\quarkus\quarkus-resteasy-reactive-jsonb\3.6.7\quarkus-resteasy-reactive-jsonb-3.6.7.jar;C:\Users\JoaoAndrade\.m2\repository\io\quarkus\resteasy\reactive\resteasy-reactive-jsonb\3.6.7\resteasy-reactive-jsonb-3.6.7.jar;C:\Users\JoaoAndrade\.m2\repository\io\quarkus\resteasy\reactive\resteasy-reactive\3.6.7\resteasy-reactive-3.6.7.jar;C:\Users\JoaoAndrade\.m2\repository\org\eclipse\yasson\3.0.3\yasson-3.0.3.jar;C:\Users\JoaoAndrade\.m2\repository\jakarta\json\bind\jakarta.json.bind-api\3.0.0\jakarta.json.bind-api-3.0.0.jar;C:\Users\JoaoAndrade\.m2\repository\io\quarkus\quarkus-resteasy-reactive-jsonb-common\3.6.7\quarkus-resteasy-reactive-jsonb-common-3.6.7.jar;C:\Users\JoaoAndrade\.m2\repository\io\quarkus\quarkus-jsonb\3.6.7\quarkus-jsonb-3.6.7.jar;C:\Users\JoaoAndrade\.m2\repository\io\quarkus\quarkus-resteasy-reactive\3.6.7\quarkus-resteasy-reactive-3.6.7.jar;C:\Users\JoaoAndrade\.m2\repository\io\quarkus\quarkus-resteasy-reactive-common\3.6.7\quarkus-resteasy-reactive-common-3.6.7.jar;C:\Users\JoaoAndrade\.m2\repository\io\quarkus\resteasy\reactive\resteasy-reactive-common\3.6.7\resteasy-reactive-common-3.6.7.jar;C:\Users\JoaoAndrade\.m2\repository\io\quarkus\resteasy\reactive\resteasy-reactive-common-types\3.6.7\resteasy-reactive-common-types-3.6.7.jar;C:\Users\JoaoAndrade\.m2\repository\io\quarkus\resteasy\reactive\resteasy-reactive-vertx\3.6.7\resteasy-reactive-vertx-3.6.7.jar;C:\Users\JoaoAndrade\.m2\repository\io\vertx\vertx-web\4.4.6\vertx-web-4.4.6.jar;C:\Users\JoaoAndrade\.m2\repository\io\vertx\vertx-bridge-common\4.4.6\vertx-bridge-common-4.4.6.jar;C:\Users\JoaoAndrade\.m2\repository\io\quarkus\quarkus-vertx-http\3.6.7\quarkus-vertx-http-3.6.7.jar;C:\Users\JoaoAndrade\.m2\repository\io\quarkus\quarkus-security-runtime-spi\3.6.7\quarkus-security-runtime-spi-3.6.7.jar;C:\Users\JoaoAndrade\.m2\repository\io\quarkus\security\quarkus-security\2.0.2.Final\quarkus-security-2.0.2.Final.jar;C:\Users\JoaoAndrade\.m2\repository\io\smallrye\reactive\smallrye-mutiny-vertx-web\3.7.2\smallrye-mutiny-vertx-web-3.7.2.jar;C:\Users\JoaoAndrade\.m2\repository\io\smallrye\reactive\smallrye-mutiny-vertx-bridge-common\3.7.2\smallrye-mutiny-vertx-bridge-common-3.7.2.jar;C:\Users\JoaoAndrade\.m2\repository\io\github\crac\org-crac\0.1.3\org-crac-0.1.3.jar;C:\Users\JoaoAndrade\.m2\repository\org\projectlombok\lombok\1.18.30\lombok-1.18.30.jar;C:\Users\JoaoAndrade\.m2\repository\io\quarkus\quarkus-hibernate-reactive-panache\3.6.7\quarkus-hibernate-reactive-panache-3.6.7.jar;C:\Users\JoaoAndrade\.m2\repository\io\quarkus\quarkus-hibernate-reactive-panache-common\3.6.7\quarkus-hibernate-reactive-panache-common-3.6.7.jar;C:\Users\JoaoAndrade\.m2\repository\io\quarkus\quarkus-panache-common\3.6.7\quarkus-panache-common-3.6.7.jar;C:\Users\JoaoAndrade\.m2\repository\io\quarkus\quarkus-panache-hibernate-common\3.6.7\quarkus-panache-hibernate-common-3.6.7.jar;C:\Users\JoaoAndrade\.m2\repository\io\rest-assured\rest-assured\5.3.2\rest-assured-5.3.2.jar;C:\Users\JoaoAndrade\.m2\repository\org\apache\groovy\groovy\4.0.11\groovy-4.0.11.jar;C:\Users\JoaoAndrade\.m2\repository\org\apache\groovy\groovy-xml\4.0.11\groovy-xml-4.0.11.jar;C:\Users\JoaoAndrade\.m2\repository\org\apache\httpcomponents\httpclient\4.5.14\httpclient-4.5.14.jar;C:\Users\JoaoAndrade\.m2\repository\org\apache\httpcomponents\httpcore\4.4.16\httpcore-4.4.16.jar;C:\Users\JoaoAndrade\.m2\repository\commons-codec\commons-codec\1.16.0\commons-codec-1.16.0.jar;C:\Users\JoaoAndrade\.m2\repository\org\apache\httpcomponents\httpmime\4.5.14\httpmime-4.5.14.jar;C:\Users\JoaoAndrade\.m2\repository\org\hamcrest\hamcrest\2.2\hamcrest-2.2.jar;C:\Users\JoaoAndrade\.m2\repository\org\ccil\cowan\tagsoup\tagsoup\1.2.1\tagsoup-1.2.1.jar;C:\Users\JoaoAndrade\.m2\repository\io\rest-assured\json-path\5.3.2\json-path-5.3.2.jar;C:\Users\JoaoAndrade\.m2\repository\org\apache\groovy\groovy-json\4.0.11\groovy-json-4.0.11.jar;C:\Users\JoaoAndrade\.m2\repository\io\rest-assured\rest-assured-common\5.3.2\rest-assured-common-5.3.2.jar;C:\Users\JoaoAndrade\.m2\repository\io\rest-assured\xml-path\5.3.2\xml-path-5.3.2.jar;C:\Users\JoaoAndrade\.m2\repository\org\apache\commons\commons-lang3\3.13.0\commons-lang3-3.13.0.jar;C:\Users\JoaoAndrade\.m2\repository\javax\annotation\javax.annotation-api\1.3.2\javax.annotation-api-1.3.2.jar;C:\Users\JoaoAndrade\.m2\repository\com\google\code\findbugs\jsr305\3.0.2\jsr305-3.0.2.jar;C:\Users\JoaoAndrade\.m2\repository\com\squareup\okhttp3\okhttp\5.0.0-alpha.12\okhttp-5.0.0-alpha.12.jar;C:\Users\JoaoAndrade\.m2\repository\com\squareup\okhttp3\okhttp-jvm\5.0.0-alpha.12\okhttp-jvm-5.0.0-alpha.12.jar;C:\Users\JoaoAndrade\.m2\repository\com\squareup\okio\okio-jvm\3.7.0\okio-jvm-3.7.0.jar;C:\Users\JoaoAndrade\.m2\repository\com\squareup\okhttp3\logging-interceptor\5.0.0-alpha.12\logging-interceptor-5.0.0-alpha.12.jar;C:\Users\JoaoAndrade\.m2\repository\org\jetbrains\kotlin\kotlin-stdlib\1.9.22\kotlin-stdlib-1.9.22.jar;C:\Users\JoaoAndrade\.m2\repository\org\jetbrains\annotations\24.0.1\annotations-24.0.1.jar;C:\Users\JoaoAndrade\.m2\repository\io\gsonfire\gson-fire\1.9.0\gson-fire-1.9.0.jar;C:\Users\JoaoAndrade\.m2\repository\com\google\code\gson\gson\2.10.1\gson-2.10.1.jar;C:\Users\JoaoAndrade\.m2\repository\org\mapstruct\mapstruct\1.5.5.Final\mapstruct-1.5.5.Final.jar;C:\Users\JoaoAndrade\.m2\repository\io\quarkus\quarkus-junit5-mockito\3.7.1\quarkus-junit5-mockito-3.7.1.jar;C:\Users\JoaoAndrade\.m2\repository\org\mockito\mockito-junit-jupiter\5.3.1\mockito-junit-jupiter-5.3.1.jar;C:\Users\JoaoAndrade\.m2\repository\org\mockito\mockito-core\5.3.1\mockito-core-5.3.1.jar;C:\Users\JoaoAndrade\.m2\repository\net\bytebuddy\byte-buddy-agent\1.14.4\byte-buddy-agent-1.14.4.jar;C:\Users\JoaoAndrade\.m2\repository\org\objenesis\objenesis\3.3\objenesis-3.3.jar;C:\Users\JoaoAndrade\.m2\repository\io\quarkus\quarkus-junit5-mockito-config\3.6.7\quarkus-junit5-mockito-config-3.6.7.jar;C:\Users\JoaoAndrade\.m2\repository\io\quarkus\quarkus-arc-deployment\3.6.7\quarkus-arc-deployment-3.6.7.jar;C:\Users\JoaoAndrade\.m2\repository\io\quarkus\quarkus-smallrye-context-propagation-spi\3.6.7\quarkus-smallrye-context-propagation-spi-3.6.7.jar;C:\Users\JoaoAndrade\.m2\repository\io\quarkus\quarkus-vertx-http-dev-ui-spi\3.6.7\quarkus-vertx-http-dev-ui-spi-3.6.7.jar;C:\Users\JoaoAndrade\.m2\repository\io\quarkus\arc\arc-processor\3.6.7\arc-processor-3.6.7.jar;C:\Users\JoaoAndrade\.m2\repository\org\mockito\mockito-subclass\5.3.1\mockito-subclass-5.3.1.jar;C:\Users\JoaoAndrade\.m2\repository\io\quarkus\quarkus-jacoco\3.6.7\quarkus-jacoco-3.6.7.jar;C:\Users\JoaoAndrade\.m2\repository\org\jacoco\org.jacoco.core\0.8.11\org.jacoco.core-0.8.11.jar;C:\Users\JoaoAndrade\.m2\repository\org\ow2\asm\asm\9.6\asm-9.6.jar;C:\Users\JoaoAndrade\.m2\repository\org\ow2\asm\asm-tree\9.6\asm-tree-9.6.jar;C:\Users\JoaoAndrade\.m2\repository\org\jacoco\org.jacoco.report\0.8.11\org.jacoco.report-0.8.11.jar;C:\Users\JoaoAndrade\.m2\repository\org\jacoco\org.jacoco.agent\0.8.11\org.jacoco.agent-0.8.11.jar;C:\Users\JoaoAndrade\.m2\repository\org\jacoco\org.jacoco.agent\0.8.11\org.jacoco.agent-0.8.11-runtime.jar;C:\Users\JoaoAndrade\.m2\repository\org\ow2\asm\asm-commons\9.6\asm-commons-9.6.jar;"/>
    <property name="java.vm.vendor" value="Oracle Corporation"/>
    <property name="sun.arch.data.model" value="64"/>
    <property name="user.variant" value=""/>
    <property name="quarkusRegistryClient" value="true"/>
    <property name="java.vendor.url" value="https://java.oracle.com/"/>
    <property name="user.timezone" value="Europe/Lisbon"/>
    <property name="logging.initial-configurator.min-level" value="500"/>
    <property name="java.vm.specification.version" value="17"/>
    <property name="os.name" value="Windows 11"/>
    <property name="sun.java.launcher" value="SUN_STANDARD"/>
    <property name="user.country" value="GB"/>
    <property name="groovy.use.classvalue" value="false"/>
    <property name="sun.boot.library.path" value="C:\Program Files\Java\jdk-17\bin"/>
    <property name="sun.java.command" value="C:\Users\JoaoAndrade\AppData\Local\Temp\surefire15040642171845788729\surefirebooter-20240207095015379_3.jar C:\Users\JoaoAndrade\AppData\Local\Temp\surefire15040642171845788729 2024-02-07T09-50-15_038-jvmRun1 surefire-20240207095015379_1tmp surefire_0-20240207095015379_2tmp"/>
    <property name="jdk.debug" value="release"/>
    <property name="maven.home" value="C:\Users\JoaoAndrade\.m2\wrapper\dists\apache-maven-3.9.6-bin\3311e1d4\apache-maven-3.9.6"/>
    <property name="surefire.test.class.path" value="C:\Users\JoaoAndrade\Documents\Projects\Quarkus\quarkus_app\target\test-classes;C:\Users\JoaoAndrade\Documents\Projects\Quarkus\quarkus_app\target\classes;C:\Users\JoaoAndrade\.m2\repository\io\quarkus\quarkus-resteasy-reactive-jackson\3.6.7\quarkus-resteasy-reactive-jackson-3.6.7.jar;C:\Users\JoaoAndrade\.m2\repository\io\quarkus\quarkus-resteasy-reactive-jackson-common\3.6.7\quarkus-resteasy-reactive-jackson-common-3.6.7.jar;C:\Users\JoaoAndrade\.m2\repository\io\quarkus\resteasy\reactive\resteasy-reactive-jackson\3.6.7\resteasy-reactive-jackson-3.6.7.jar;C:\Users\JoaoAndrade\.m2\repository\io\quarkus\quarkus-vertx\3.6.7\quarkus-vertx-3.6.7.jar;C:\Users\JoaoAndrade\.m2\repository\io\quarkus\quarkus-netty\3.6.7\quarkus-netty-3.6.7.jar;C:\Users\JoaoAndrade\.m2\repository\io\netty\netty-codec\4.1.100.Final\netty-codec-4.1.100.Final.jar;C:\Users\JoaoAndrade\.m2\repository\io\netty\netty-common\4.1.100.Final\netty-common-4.1.100.Final.jar;C:\Users\JoaoAndrade\.m2\repository\io\netty\netty-codec-http\4.1.100.Final\netty-codec-http-4.1.100.Final.jar;C:\Users\JoaoAndrade\.m2\repository\io\netty\netty-codec-http2\4.1.100.Final\netty-codec-http2-4.1.100.Final.jar;C:\Users\JoaoAndrade\.m2\repository\io\netty\netty-handler\4.1.100.Final\netty-handler-4.1.100.Final.jar;C:\Users\JoaoAndrade\.m2\repository\io\netty\netty-resolver\4.1.100.Final\netty-resolver-4.1.100.Final.jar;C:\Users\JoaoAndrade\.m2\repository\io\netty\netty-transport-native-unix-common\4.1.100.Final\netty-transport-native-unix-common-4.1.100.Final.jar;C:\Users\JoaoAndrade\.m2\repository\jakarta\enterprise\jakarta.enterprise.cdi-api\4.0.1\jakarta.enterprise.cdi-api-4.0.1.jar;C:\Users\JoaoAndrade\.m2\repository\jakarta\enterprise\jakarta.enterprise.lang-model\4.0.1\jakarta.enterprise.lang-model-4.0.1.jar;C:\Users\JoaoAndrade\.m2\repository\jakarta\el\jakarta.el-api\5.0.1\jakarta.el-api-5.0.1.jar;C:\Users\JoaoAndrade\.m2\repository\com\aayushatharva\brotli4j\brotli4j\1.12.0\brotli4j-1.12.0.jar;C:\Users\JoaoAndrade\.m2\repository\com\aayushatharva\brotli4j\service\1.12.0\service-1.12.0.jar;C:\Users\JoaoAndrade\.m2\repository\com\aayushatharva\brotli4j\native-windows-x86_64\1.12.0\native-windows-x86_64-1.12.0.jar;C:\Users\JoaoAndrade\.m2\repository\io\netty\netty-codec-haproxy\4.1.100.Final\netty-codec-haproxy-4.1.100.Final.jar;C:\Users\JoaoAndrade\.m2\repository\io\netty\netty-buffer\4.1.100.Final\netty-buffer-4.1.100.Final.jar;C:\Users\JoaoAndrade\.m2\repository\io\netty\netty-transport\4.1.100.Final\netty-transport-4.1.100.Final.jar;C:\Users\JoaoAndrade\.m2\repository\io\smallrye\common\smallrye-common-annotation\2.1.2\smallrye-common-annotation-2.1.2.jar;C:\Users\JoaoAndrade\.m2\repository\io\smallrye\common\smallrye-common-vertx-context\2.1.2\smallrye-common-vertx-context-2.1.2.jar;C:\Users\JoaoAndrade\.m2\repository\io\vertx\vertx-core\4.4.6\vertx-core-4.4.6.jar;C:\Users\JoaoAndrade\.m2\repository\io\netty\netty-handler-proxy\4.1.100.Final\netty-handler-proxy-4.1.100.Final.jar;C:\Users\JoaoAndrade\.m2\repository\io\netty\netty-codec-socks\4.1.100.Final\netty-codec-socks-4.1.100.Final.jar;C:\Users\JoaoAndrade\.m2\repository\io\netty\netty-resolver-dns\4.1.100.Final\netty-resolver-dns-4.1.100.Final.jar;C:\Users\JoaoAndrade\.m2\repository\io\netty\netty-codec-dns\4.1.100.Final\netty-codec-dns-4.1.100.Final.jar;C:\Users\JoaoAndrade\.m2\repository\io\smallrye\common\smallrye-common-constraint\2.1.2\smallrye-common-constraint-2.1.2.jar;C:\Users\JoaoAndrade\.m2\repository\io\quarkus\quarkus-mutiny\3.6.7\quarkus-mutiny-3.6.7.jar;C:\Users\JoaoAndrade\.m2\repository\io\smallrye\reactive\mutiny\2.5.1\mutiny-2.5.1.jar;C:\Users\JoaoAndrade\.m2\repository\io\quarkus\quarkus-smallrye-context-propagation\3.6.7\quarkus-smallrye-context-propagation-3.6.7.jar;C:\Users\JoaoAndrade\.m2\repository\io\smallrye\smallrye-context-propagation\2.1.0\smallrye-context-propagation-2.1.0.jar;C:\Users\JoaoAndrade\.m2\repository\org\eclipse\microprofile\config\microprofile-config-api\3.0.3\microprofile-config-api-3.0.3.jar;C:\Users\JoaoAndrade\.m2\repository\io\smallrye\smallrye-context-propagation-api\2.1.0\smallrye-context-propagation-api-2.1.0.jar;C:\Users\JoaoAndrade\.m2\repository\io\smallrye\smallrye-context-propagation-storage\2.1.0\smallrye-context-propagation-storage-2.1.0.jar;C:\Users\JoaoAndrade\.m2\repository\io\smallrye\reactive\mutiny-smallrye-context-propagation\2.5.1\mutiny-smallrye-context-propagation-2.5.1.jar;C:\Users\JoaoAndrade\.m2\repository\io\quarkus\quarkus-virtual-threads\3.6.7\quarkus-virtual-threads-3.6.7.jar;C:\Users\JoaoAndrade\.m2\repository\io\quarkus\quarkus-vertx-latebound-mdc-provider\3.6.7\quarkus-vertx-latebound-mdc-provider-3.6.7.jar;C:\Users\JoaoAndrade\.m2\repository\io\smallrye\reactive\smallrye-mutiny-vertx-core\3.7.2\smallrye-mutiny-vertx-core-3.7.2.jar;C:\Users\JoaoAndrade\.m2\repository\io\smallrye\reactive\smallrye-mutiny-vertx-runtime\3.7.2\smallrye-mutiny-vertx-runtime-3.7.2.jar;C:\Users\JoaoAndrade\.m2\repository\io\smallrye\reactive\vertx-mutiny-generator\3.7.2\vertx-mutiny-generator-3.7.2.jar;C:\Users\JoaoAndrade\.m2\repository\io\vertx\vertx-codegen\4.4.6\vertx-codegen-4.4.6.jar;C:\Users\JoaoAndrade\.m2\repository\io\smallrye\smallrye-fault-tolerance-vertx\6.2.6\smallrye-fault-tolerance-vertx-6.2.6.jar;C:\Users\JoaoAndrade\.m2\repository\io\quarkus\quarkus-logging-json\3.6.7\quarkus-logging-json-3.6.7.jar;C:\Users\JoaoAndrade\.m2\repository\io\quarkus\quarkus-core\3.6.7\quarkus-core-3.6.7.jar;C:\Users\JoaoAndrade\.m2\repository\jakarta\annotation\jakarta.annotation-api\2.1.1\jakarta.annotation-api-2.1.1.jar;C:\Users\JoaoAndrade\.m2\repository\jakarta\inject\jakarta.inject-api\2.0.1\jakarta.inject-api-2.0.1.jar;C:\Users\JoaoAndrade\.m2\repository\io\smallrye\common\smallrye-common-os\2.1.2\smallrye-common-os-2.1.2.jar;C:\Users\JoaoAndrade\.m2\repository\io\quarkus\quarkus-ide-launcher\3.6.7\quarkus-ide-launcher-3.6.7.jar;C:\Users\JoaoAndrade\.m2\repository\io\quarkus\quarkus-development-mode-spi\3.6.7\quarkus-development-mode-spi-3.6.7.jar;C:\Users\JoaoAndrade\.m2\repository\io\smallrye\config\smallrye-config\3.4.4\smallrye-config-3.4.4.jar;C:\Users\JoaoAndrade\.m2\repository\io\smallrye\config\smallrye-config-core\3.4.4\smallrye-config-core-3.4.4.jar;C:\Users\JoaoAndrade\.m2\repository\io\smallrye\common\smallrye-common-classloader\2.1.2\smallrye-common-classloader-2.1.2.jar;C:\Users\JoaoAndrade\.m2\repository\io\smallrye\config\smallrye-config-common\3.4.4\smallrye-config-common-3.4.4.jar;C:\Users\JoaoAndrade\.m2\repository\org\jboss\logging\jboss-logging\3.5.3.Final\jboss-logging-3.5.3.Final.jar;C:\Users\JoaoAndrade\.m2\repository\org\jboss\logging\jboss-logging-annotations\2.2.1.Final\jboss-logging-annotations-2.2.1.Final.jar;C:\Users\JoaoAndrade\.m2\repository\org\jboss\threads\jboss-threads\3.5.1.Final\jboss-threads-3.5.1.Final.jar;C:\Users\JoaoAndrade\.m2\repository\org\slf4j\slf4j-api\2.0.6\slf4j-api-2.0.6.jar;C:\Users\JoaoAndrade\.m2\repository\org\jboss\slf4j\slf4j-jboss-logmanager\2.0.0.Final\slf4j-jboss-logmanager-2.0.0.Final.jar;C:\Users\JoaoAndrade\.m2\repository\org\wildfly\common\wildfly-common\1.7.0.Final\wildfly-common-1.7.0.Final.jar;C:\Users\JoaoAndrade\.m2\repository\io\quarkus\quarkus-bootstrap-runner\3.6.7\quarkus-bootstrap-runner-3.6.7.jar;C:\Users\JoaoAndrade\.m2\repository\io\quarkus\quarkus-fs-util\0.0.9\quarkus-fs-util-0.0.9.jar;C:\Users\JoaoAndrade\.m2\repository\io\quarkus\quarkus-jsonp\3.6.7\quarkus-jsonp-3.6.7.jar;C:\Users\JoaoAndrade\.m2\repository\org\eclipse\parsson\parsson\1.1.5\parsson-1.1.5.jar;C:\Users\JoaoAndrade\.m2\repository\org\jboss\logmanager\jboss-logmanager\3.0.4.Final\jboss-logmanager-3.0.4.Final.jar;C:\Users\JoaoAndrade\.m2\repository\io\smallrye\common\smallrye-common-cpu\2.1.2\smallrye-common-cpu-2.1.2.jar;C:\Users\JoaoAndrade\.m2\repository\io\smallrye\common\smallrye-common-expression\2.1.2\smallrye-common-expression-2.1.2.jar;C:\Users\JoaoAndrade\.m2\repository\io\smallrye\common\smallrye-common-function\2.1.2\smallrye-common-function-2.1.2.jar;C:\Users\JoaoAndrade\.m2\repository\io\smallrye\common\smallrye-common-net\2.1.2\smallrye-common-net-2.1.2.jar;C:\Users\JoaoAndrade\.m2\repository\io\smallrye\common\smallrye-common-ref\2.1.2\smallrye-common-ref-2.1.2.jar;C:\Users\JoaoAndrade\.m2\repository\jakarta\json\jakarta.json-api\2.1.3\jakarta.json-api-2.1.3.jar;C:\Users\JoaoAndrade\.m2\repository\io\quarkus\quarkus-reactive-pg-client\3.6.7\quarkus-reactive-pg-client-3.6.7.jar;C:\Users\JoaoAndrade\.m2\repository\io\quarkus\quarkus-reactive-datasource\3.6.7\quarkus-reactive-datasource-3.6.7.jar;C:\Users\JoaoAndrade\.m2\repository\io\quarkus\quarkus-datasource\3.6.7\quarkus-datasource-3.6.7.jar;C:\Users\JoaoAndrade\.m2\repository\io\vertx\vertx-sql-client\4.4.6\vertx-sql-client-4.4.6.jar;C:\Users\JoaoAndrade\.m2\repository\io\vertx\vertx-pg-client\4.4.6\vertx-pg-client-4.4.6.jar;C:\Users\JoaoAndrade\.m2\repository\com\ongres\scram\client\2.1\client-2.1.jar;C:\Users\JoaoAndrade\.m2\repository\com\ongres\scram\common\2.1\common-2.1.jar;C:\Users\JoaoAndrade\.m2\repository\com\ongres\stringprep\saslprep\1.1\saslprep-1.1.jar;C:\Users\JoaoAndrade\.m2\repository\com\ongres\stringprep\stringprep\1.1\stringprep-1.1.jar;C:\Users\JoaoAndrade\.m2\repository\io\smallrye\reactive\smallrye-mutiny-vertx-pg-client\3.7.2\smallrye-mutiny-vertx-pg-client-3.7.2.jar;C:\Users\JoaoAndrade\.m2\repository\io\smallrye\reactive\smallrye-mutiny-vertx-sql-client\3.7.2\smallrye-mutiny-vertx-sql-client-3.7.2.jar;C:\Users\JoaoAndrade\.m2\repository\io\quarkus\quarkus-credentials\3.6.7\quarkus-credentials-3.6.7.jar;C:\Users\JoaoAndrade\.m2\repository\io\quarkus\quarkus-arc\3.6.7\quarkus-arc-3.6.7.jar;C:\Users\JoaoAndrade\.m2\repository\io\quarkus\arc\arc\3.6.7\arc-3.6.7.jar;C:\Users\JoaoAndrade\.m2\repository\jakarta\transaction\jakarta.transaction-api\2.0.1\jakarta.transaction-api-2.0.1.jar;C:\Users\JoaoAndrade\.m2\repository\org\eclipse\microprofile\context-propagation\microprofile-context-propagation-api\1.3\microprofile-context-propagation-api-1.3.jar;C:\Users\JoaoAndrade\.m2\repository\io\quarkiverse\openapi\generator\quarkus-openapi-generator\2.2.16\quarkus-openapi-generator-2.2.16.jar;C:\Users\JoaoAndrade\.m2\repository\io\quarkus\quarkus-qute\3.6.7\quarkus-qute-3.6.7.jar;C:\Users\JoaoAndrade\.m2\repository\io\quarkus\qute\qute-core\3.6.7\qute-core-3.6.7.jar;C:\Users\JoaoAndrade\.m2\repository\io\quarkus\quarkus-rest-client-jackson\3.6.7\quarkus-rest-client-jackson-3.6.7.jar;C:\Users\JoaoAndrade\.m2\repository\io\quarkus\quarkus-rest-client\3.6.7\quarkus-rest-client-3.6.7.jar;C:\Users\JoaoAndrade\.m2\repository\io\quarkus\quarkus-resteasy-common\3.6.7\quarkus-resteasy-common-3.6.7.jar;C:\Users\JoaoAndrade\.m2\repository\org\jboss\resteasy\resteasy-core\6.2.7.Final\resteasy-core-6.2.7.Final.jar;C:\Users\JoaoAndrade\.m2\repository\org\jboss\resteasy\resteasy-core-spi\6.2.7.Final\resteasy-core-spi-6.2.7.Final.jar;C:\Users\JoaoAndrade\.m2\repository\jakarta\validation\jakarta.validation-api\3.0.2\jakarta.validation-api-3.0.2.jar;C:\Users\JoaoAndrade\.m2\repository\com\ibm\async\asyncutil\0.1.0\asyncutil-0.1.0.jar;C:\Users\JoaoAndrade\.m2\repository\org\eclipse\angus\angus-activation\2.0.1\angus-activation-2.0.1.jar;C:\Users\JoaoAndrade\.m2\repository\org\jboss\resteasy\microprofile\microprofile-config\2.1.4.Final\microprofile-config-2.1.4.Final.jar;C:\Users\JoaoAndrade\.m2\repository\jakarta\servlet\jakarta.servlet-api\6.0.0\jakarta.servlet-api-6.0.0.jar;C:\Users\JoaoAndrade\.m2\repository\io\quarkus\quarkus-apache-httpclient\3.6.7\quarkus-apache-httpclient-3.6.7.jar;C:\Users\JoaoAndrade\.m2\repository\io\quarkus\quarkus-rest-client-config\3.6.7\quarkus-rest-client-config-3.6.7.jar;C:\Users\JoaoAndrade\.m2\repository\org\eclipse\microprofile\rest\client\microprofile-rest-client-api\3.0.1\microprofile-rest-client-api-3.0.1.jar;C:\Users\JoaoAndrade\.m2\repository\org\jboss\resteasy\microprofile\microprofile-rest-client\2.1.4.Final\microprofile-rest-client-2.1.4.Final.jar;C:\Users\JoaoAndrade\.m2\repository\org\jboss\resteasy\microprofile\microprofile-rest-client-base\2.1.4.Final\microprofile-rest-client-base-2.1.4.Final.jar;C:\Users\JoaoAndrade\.m2\repository\org\jboss\resteasy\resteasy-client\6.2.7.Final\resteasy-client-6.2.7.Final.jar;C:\Users\JoaoAndrade\.m2\repository\org\jboss\resteasy\resteasy-client-api\6.2.7.Final\resteasy-client-api-6.2.7.Final.jar;C:\Users\JoaoAndrade\.m2\repository\jakarta\interceptor\jakarta.interceptor-api\2.1.0\jakarta.interceptor-api-2.1.0.jar;C:\Users\JoaoAndrade\.m2\repository\jakarta\ws\rs\jakarta.ws.rs-api\3.1.0\jakarta.ws.rs-api-3.1.0.jar;C:\Users\JoaoAndrade\.m2\repository\org\apache\httpcomponents\httpasyncclient\4.1.5\httpasyncclient-4.1.5.jar;C:\Users\JoaoAndrade\.m2\repository\org\apache\httpcomponents\httpcore-nio\4.4.16\httpcore-nio-4.4.16.jar;C:\Users\JoaoAndrade\.m2\repository\org\jboss\logging\commons-logging-jboss-logging\1.0.0.Final\commons-logging-jboss-logging-1.0.0.Final.jar;C:\Users\JoaoAndrade\.m2\repository\io\quarkus\quarkus-jackson\3.6.7\quarkus-jackson-3.6.7.jar;C:\Users\JoaoAndrade\.m2\repository\com\fasterxml\jackson\core\jackson-databind\2.15.3\jackson-databind-2.15.3.jar;C:\Users\JoaoAndrade\.m2\repository\com\fasterxml\jackson\datatype\jackson-datatype-jsr310\2.15.3\jackson-datatype-jsr310-2.15.3.jar;C:\Users\JoaoAndrade\.m2\repository\com\fasterxml\jackson\datatype\jackson-datatype-jdk8\2.15.3\jackson-datatype-jdk8-2.15.3.jar;C:\Users\JoaoAndrade\.m2\repository\com\fasterxml\jackson\module\jackson-module-parameter-names\2.15.3\jackson-module-parameter-names-2.15.3.jar;C:\Users\JoaoAndrade\.m2\repository\org\jboss\resteasy\resteasy-jackson2-provider\6.2.7.Final\resteasy-jackson2-provider-6.2.7.Final.jar;C:\Users\JoaoAndrade\.m2\repository\com\fasterxml\jackson\core\jackson-core\2.15.3\jackson-core-2.15.3.jar;C:\Users\JoaoAndrade\.m2\repository\com\fasterxml\jackson\core\jackson-annotations\2.15.3\jackson-annotations-2.15.3.jar;C:\Users\JoaoAndrade\.m2\repository\com\fasterxml\jackson\jakarta\rs\jackson-jakarta-rs-base\2.15.3\jackson-jakarta-rs-base-2.15.3.jar;C:\Users\JoaoAndrade\.m2\repository\com\fasterxml\jackson\jakarta\rs\jackson-jakarta-rs-json-provider\2.15.3\jackson-jakarta-rs-json-provider-2.15.3.jar;C:\Users\JoaoAndrade\.m2\repository\com\fasterxml\jackson\module\jackson-module-jakarta-xmlbind-annotations\2.15.3\jackson-module-jakarta-xmlbind-annotations-2.15.3.jar;C:\Users\JoaoAndrade\.m2\repository\com\github\java-json-tools\json-patch\1.13\json-patch-1.13.jar;C:\Users\JoaoAndrade\.m2\repository\com\github\java-json-tools\msg-simple\1.2\msg-simple-1.2.jar;C:\Users\JoaoAndrade\.m2\repository\com\github\java-json-tools\btf\1.3\btf-1.3.jar;C:\Users\JoaoAndrade\.m2\repository\com\github\java-json-tools\jackson-coreutils\2.0\jackson-coreutils-2.0.jar;C:\Users\JoaoAndrade\.m2\repository\jakarta\xml\bind\jakarta.xml.bind-api\4.0.1\jakarta.xml.bind-api-4.0.1.jar;C:\Users\JoaoAndrade\.m2\repository\jakarta\activation\jakarta.activation-api\2.1.2\jakarta.activation-api-2.1.2.jar;C:\Users\JoaoAndrade\.m2\repository\io\quarkus\quarkus-container-image-docker\3.6.7\quarkus-container-image-docker-3.6.7.jar;C:\Users\JoaoAndrade\.m2\repository\io\quarkus\quarkus-container-image\3.6.7\quarkus-container-image-3.6.7.jar;C:\Users\JoaoAndrade\.m2\repository\io\quarkus\quarkus-security-jpa-reactive\3.6.7\quarkus-security-jpa-reactive-3.6.7.jar;C:\Users\JoaoAndrade\.m2\repository\io\quarkus\quarkus-security-jpa-common\3.6.7\quarkus-security-jpa-common-3.6.7.jar;C:\Users\JoaoAndrade\.m2\repository\io\quarkus\quarkus-elytron-security-common\3.6.7\quarkus-elytron-security-common-3.6.7.jar;C:\Users\JoaoAndrade\.m2\repository\org\wildfly\security\wildfly-elytron-credential\2.2.2.Final\wildfly-elytron-credential-2.2.2.Final.jar;C:\Users\JoaoAndrade\.m2\repository\org\wildfly\security\wildfly-elytron-asn1\2.2.2.Final\wildfly-elytron-asn1-2.2.2.Final.jar;C:\Users\JoaoAndrade\.m2\repository\org\wildfly\security\wildfly-elytron-keystore\2.2.2.Final\wildfly-elytron-keystore-2.2.2.Final.jar;C:\Users\JoaoAndrade\.m2\repository\org\wildfly\security\wildfly-elytron-util\2.2.2.Final\wildfly-elytron-util-2.2.2.Final.jar;C:\Users\JoaoAndrade\.m2\repository\org\wildfly\security\wildfly-elytron-base\2.2.2.Final\wildfly-elytron-base-2.2.2.Final.jar;C:\Users\JoaoAndrade\.m2\repository\org\wildfly\security\wildfly-elytron-x500-cert\2.2.2.Final\wildfly-elytron-x500-cert-2.2.2.Final.jar;C:\Users\JoaoAndrade\.m2\repository\org\wildfly\security\wildfly-elytron-x500-cert-util\2.2.2.Final\wildfly-elytron-x500-cert-util-2.2.2.Final.jar;C:\Users\JoaoAndrade\.m2\repository\org\wildfly\security\wildfly-elytron-provider-util\2.2.2.Final\wildfly-elytron-provider-util-2.2.2.Final.jar;C:\Users\JoaoAndrade\.m2\repository\org\wildfly\security\wildfly-elytron-x500\2.2.2.Final\wildfly-elytron-x500-2.2.2.Final.jar;C:\Users\JoaoAndrade\.m2\repository\org\wildfly\security\wildfly-elytron-password-impl\2.2.2.Final\wildfly-elytron-password-impl-2.2.2.Final.jar;C:\Users\JoaoAndrade\.m2\repository\io\quarkus\quarkus-security\3.6.7\quarkus-security-3.6.7.jar;C:\Users\JoaoAndrade\.m2\repository\io\quarkus\quarkus-hibernate-reactive\3.6.7\quarkus-hibernate-reactive-3.6.7.jar;C:\Users\JoaoAndrade\.m2\repository\io\quarkus\quarkus-hibernate-orm\3.6.7\quarkus-hibernate-orm-3.6.7.jar;C:\Users\JoaoAndrade\.m2\repository\org\hibernate\orm\hibernate-core\6.2.19.Final\hibernate-core-6.2.19.Final.jar;C:\Users\JoaoAndrade\.m2\repository\com\fasterxml\classmate\1.5.1\classmate-1.5.1.jar;C:\Users\JoaoAndrade\.m2\repository\org\antlr\antlr4-runtime\4.10.1\antlr4-runtime-4.10.1.jar;C:\Users\JoaoAndrade\.m2\repository\net\bytebuddy\byte-buddy\1.14.7\byte-buddy-1.14.7.jar;C:\Users\JoaoAndrade\.m2\repository\org\hibernate\common\hibernate-commons-annotations\6.0.6.Final\hibernate-commons-annotations-6.0.6.Final.jar;C:\Users\JoaoAndrade\.m2\repository\org\hibernate\orm\hibernate-graalvm\6.2.19.Final\hibernate-graalvm-6.2.19.Final.jar;C:\Users\JoaoAndrade\.m2\repository\org\glassfish\jaxb\jaxb-runtime\4.0.4\jaxb-runtime-4.0.4.jar;C:\Users\JoaoAndrade\.m2\repository\org\glassfish\jaxb\jaxb-core\4.0.4\jaxb-core-4.0.4.jar;C:\Users\JoaoAndrade\.m2\repository\org\glassfish\jaxb\txw2\4.0.4\txw2-4.0.4.jar;C:\Users\JoaoAndrade\.m2\repository\com\sun\istack\istack-commons-runtime\4.1.2\istack-commons-runtime-4.1.2.jar;C:\Users\JoaoAndrade\.m2\repository\jakarta\persistence\jakarta.persistence-api\3.1.0\jakarta.persistence-api-3.1.0.jar;C:\Users\JoaoAndrade\.m2\repository\org\hibernate\quarkus-local-cache\0.2.1\quarkus-local-cache-0.2.1.jar;C:\Users\JoaoAndrade\.m2\repository\io\quarkus\quarkus-caffeine\3.6.7\quarkus-caffeine-3.6.7.jar;C:\Users\JoaoAndrade\.m2\repository\com\github\ben-manes\caffeine\caffeine\3.1.5\caffeine-3.1.5.jar;C:\Users\JoaoAndrade\.m2\repository\com\google\errorprone\error_prone_annotations\2.22.0\error_prone_annotations-2.22.0.jar;C:\Users\JoaoAndrade\.m2\repository\org\hibernate\reactive\hibernate-reactive-core\2.0.8.Final\hibernate-reactive-core-2.0.8.Final.jar;C:\Users\JoaoAndrade\.m2\repository\io\quarkus\quarkus-junit5\3.6.7\quarkus-junit5-3.6.7.jar;C:\Users\JoaoAndrade\.m2\repository\io\quarkus\quarkus-bootstrap-core\3.6.7\quarkus-bootstrap-core-3.6.7.jar;C:\Users\JoaoAndrade\.m2\repository\io\quarkus\quarkus-bootstrap-app-model\3.6.7\quarkus-bootstrap-app-model-3.6.7.jar;C:\Users\JoaoAndrade\.m2\repository\io\smallrye\common\smallrye-common-io\2.1.2\smallrye-common-io-2.1.2.jar;C:\Users\JoaoAndrade\.m2\repository\org\eclipse\sisu\org.eclipse.sisu.inject\0.9.0.M2\org.eclipse.sisu.inject-0.9.0.M2.jar;C:\Users\JoaoAndrade\.m2\repository\io\quarkus\quarkus-test-common\3.6.7\quarkus-test-common-3.6.7.jar;C:\Users\JoaoAndrade\.m2\repository\io\quarkus\quarkus-core-deployment\3.6.7\quarkus-core-deployment-3.6.7.jar;C:\Users\JoaoAndrade\.m2\repository\org\aesh\readline\2.4\readline-2.4.jar;C:\Users\JoaoAndrade\.m2\repository\org\fusesource\jansi\jansi\2.4.0\jansi-2.4.0.jar;C:\Users\JoaoAndrade\.m2\repository\org\aesh\aesh\2.7\aesh-2.7.jar;C:\Users\JoaoAndrade\.m2\repository\io\quarkus\gizmo\gizmo\1.7.0\gizmo-1.7.0.jar;C:\Users\JoaoAndrade\.m2\repository\org\ow2\asm\asm-util\9.6\asm-util-9.6.jar;C:\Users\JoaoAndrade\.m2\repository\org\ow2\asm\asm-analysis\9.6\asm-analysis-9.6.jar;C:\Users\JoaoAndrade\.m2\repository\io\quarkus\quarkus-class-change-agent\3.6.7\quarkus-class-change-agent-3.6.7.jar;C:\Users\JoaoAndrade\.m2\repository\io\quarkus\quarkus-devtools-utilities\3.6.7\quarkus-devtools-utilities-3.6.7.jar;C:\Users\JoaoAndrade\.m2\repository\io\quarkus\quarkus-builder\3.6.7\quarkus-builder-3.6.7.jar;C:\Users\JoaoAndrade\.m2\repository\org\graalvm\sdk\graal-sdk\23.0.1\graal-sdk-23.0.1.jar;C:\Users\JoaoAndrade\.m2\repository\org\junit\platform\junit-platform-launcher\1.10.1\junit-platform-launcher-1.10.1.jar;C:\Users\JoaoAndrade\.m2\repository\io\quarkus\quarkus-bootstrap-maven-resolver\3.6.7\quarkus-bootstrap-maven-resolver-3.6.7.jar;C:\Users\JoaoAndrade\.m2\repository\io\smallrye\beanbag\smallrye-beanbag-maven\1.3.2\smallrye-beanbag-maven-1.3.2.jar;C:\Users\JoaoAndrade\.m2\repository\io\smallrye\beanbag\smallrye-beanbag-sisu\1.3.2\smallrye-beanbag-sisu-1.3.2.jar;C:\Users\JoaoAndrade\.m2\repository\io\smallrye\beanbag\smallrye-beanbag\1.3.2\smallrye-beanbag-1.3.2.jar;C:\Users\JoaoAndrade\.m2\repository\javax\inject\javax.inject\1\javax.inject-1.jar;C:\Users\JoaoAndrade\.m2\repository\org\apache\maven\maven-artifact\3.9.6\maven-artifact-3.9.6.jar;C:\Users\JoaoAndrade\.m2\repository\org\apache\maven\maven-builder-support\3.9.6\maven-builder-support-3.9.6.jar;C:\Users\JoaoAndrade\.m2\repository\org\apache\maven\maven-model\3.9.6\maven-model-3.9.6.jar;C:\Users\JoaoAndrade\.m2\repository\org\apache\maven\maven-model-builder\3.9.6\maven-model-builder-3.9.6.jar;C:\Users\JoaoAndrade\.m2\repository\org\apache\maven\maven-repository-metadata\3.9.6\maven-repository-metadata-3.9.6.jar;C:\Users\JoaoAndrade\.m2\repository\org\apache\maven\maven-settings\3.9.6\maven-settings-3.9.6.jar;C:\Users\JoaoAndrade\.m2\repository\org\apache\maven\resolver\maven-resolver-api\1.9.18\maven-resolver-api-1.9.18.jar;C:\Users\JoaoAndrade\.m2\repository\org\apache\maven\resolver\maven-resolver-impl\1.9.18\maven-resolver-impl-1.9.18.jar;C:\Users\JoaoAndrade\.m2\repository\org\apache\maven\resolver\maven-resolver-named-locks\1.9.18\maven-resolver-named-locks-1.9.18.jar;C:\Users\JoaoAndrade\.m2\repository\org\apache\maven\resolver\maven-resolver-spi\1.9.18\maven-resolver-spi-1.9.18.jar;C:\Users\JoaoAndrade\.m2\repository\org\apache\maven\resolver\maven-resolver-util\1.9.18\maven-resolver-util-1.9.18.jar;C:\Users\JoaoAndrade\.m2\repository\org\apache\maven\resolver\maven-resolver-transport-http\1.9.10\maven-resolver-transport-http-1.9.10.jar;C:\Users\JoaoAndrade\.m2\repository\org\apache\maven\wagon\wagon-provider-api\3.5.3\wagon-provider-api-3.5.3.jar;C:\Users\JoaoAndrade\.m2\repository\org\apache\maven\wagon\wagon-http-shared\3.5.3\wagon-http-shared-3.5.3.jar;C:\Users\JoaoAndrade\.m2\repository\org\codehaus\plexus\plexus-interpolation\1.26\plexus-interpolation-1.26.jar;C:\Users\JoaoAndrade\.m2\repository\org\codehaus\plexus\plexus-utils\3.5.1\plexus-utils-3.5.1.jar;C:\Users\JoaoAndrade\.m2\repository\org\codehaus\plexus\plexus-xml\4.0.0\plexus-xml-4.0.0.jar;C:\Users\JoaoAndrade\.m2\repository\org\apache\maven\maven-xml-impl\4.0.0-alpha-5\maven-xml-impl-4.0.0-alpha-5.jar;C:\Users\JoaoAndrade\.m2\repository\org\apache\maven\maven-api-xml\4.0.0-alpha-5\maven-api-xml-4.0.0-alpha-5.jar;C:\Users\JoaoAndrade\.m2\repository\org\apache\maven\maven-api-meta\4.0.0-alpha-5\maven-api-meta-4.0.0-alpha-5.jar;C:\Users\JoaoAndrade\.m2\repository\org\codehaus\plexus\plexus-cipher\2.0\plexus-cipher-2.0.jar;C:\Users\JoaoAndrade\.m2\repository\org\codehaus\plexus\plexus-sec-dispatcher\2.0\plexus-sec-dispatcher-2.0.jar;C:\Users\JoaoAndrade\.m2\repository\org\apache\maven\maven-embedder\3.9.6\maven-embedder-3.9.6.jar;C:\Users\JoaoAndrade\.m2\repository\org\apache\maven\maven-core\3.9.6\maven-core-3.9.6.jar;C:\Users\JoaoAndrade\.m2\repository\org\codehaus\plexus\plexus-component-annotations\2.1.0\plexus-component-annotations-2.1.0.jar;C:\Users\JoaoAndrade\.m2\repository\org\apache\maven\maven-plugin-api\3.9.6\maven-plugin-api-3.9.6.jar;C:\Users\JoaoAndrade\.m2\repository\org\apache\maven\shared\maven-shared-utils\3.3.4\maven-shared-utils-3.3.4.jar;C:\Users\JoaoAndrade\.m2\repository\com\google\inject\guice\5.1.0\guice-5.1.0.jar;C:\Users\JoaoAndrade\.m2\repository\aopalliance\aopalliance\1.0\aopalliance-1.0.jar;C:\Users\JoaoAndrade\.m2\repository\com\google\guava\guava\32.1.3-jre\guava-32.1.3-jre.jar;C:\Users\JoaoAndrade\.m2\repository\com\google\guava\failureaccess\1.0.1\failureaccess-1.0.1.jar;C:\Users\JoaoAndrade\.m2\repository\org\codehaus\plexus\plexus-classworlds\2.6.0\plexus-classworlds-2.6.0.jar;C:\Users\JoaoAndrade\.m2\repository\commons-cli\commons-cli\1.5.0\commons-cli-1.5.0.jar;C:\Users\JoaoAndrade\.m2\repository\org\eclipse\sisu\org.eclipse.sisu.plexus\0.9.0.M2\org.eclipse.sisu.plexus-0.9.0.M2.jar;C:\Users\JoaoAndrade\.m2\repository\org\apache\maven\maven-settings-builder\3.9.6\maven-settings-builder-3.9.6.jar;C:\Users\JoaoAndrade\.m2\repository\org\apache\maven\maven-resolver-provider\3.9.6\maven-resolver-provider-3.9.6.jar;C:\Users\JoaoAndrade\.m2\repository\org\apache\maven\resolver\maven-resolver-connector-basic\1.9.18\maven-resolver-connector-basic-1.9.18.jar;C:\Users\JoaoAndrade\.m2\repository\org\apache\maven\resolver\maven-resolver-transport-wagon\1.9.18\maven-resolver-transport-wagon-1.9.18.jar;C:\Users\JoaoAndrade\.m2\repository\org\apache\maven\wagon\wagon-http\3.5.3\wagon-http-3.5.3.jar;C:\Users\JoaoAndrade\.m2\repository\org\apache\maven\wagon\wagon-file\3.5.3\wagon-file-3.5.3.jar;C:\Users\JoaoAndrade\.m2\repository\io\quarkus\quarkus-bootstrap-gradle-resolver\3.6.7\quarkus-bootstrap-gradle-resolver-3.6.7.jar;C:\Users\JoaoAndrade\.m2\repository\io\smallrye\jandex\3.1.6\jandex-3.1.6.jar;C:\Users\JoaoAndrade\.m2\repository\commons-io\commons-io\2.15.1\commons-io-2.15.1.jar;C:\Users\JoaoAndrade\.m2\repository\io\quarkus\quarkus-junit5-properties\3.6.7\quarkus-junit5-properties-3.6.7.jar;C:\Users\JoaoAndrade\.m2\repository\org\junit\jupiter\junit-jupiter\5.10.1\junit-jupiter-5.10.1.jar;C:\Users\JoaoAndrade\.m2\repository\org\junit\jupiter\junit-jupiter-api\5.10.1\junit-jupiter-api-5.10.1.jar;C:\Users\JoaoAndrade\.m2\repository\org\opentest4j\opentest4j\1.3.0\opentest4j-1.3.0.jar;C:\Users\JoaoAndrade\.m2\repository\org\junit\platform\junit-platform-commons\1.10.1\junit-platform-commons-1.10.1.jar;C:\Users\JoaoAndrade\.m2\repository\org\apiguardian\apiguardian-api\1.1.2\apiguardian-api-1.1.2.jar;C:\Users\JoaoAndrade\.m2\repository\org\junit\jupiter\junit-jupiter-params\5.10.1\junit-jupiter-params-5.10.1.jar;C:\Users\JoaoAndrade\.m2\repository\org\junit\jupiter\junit-jupiter-engine\5.10.1\junit-jupiter-engine-5.10.1.jar;C:\Users\JoaoAndrade\.m2\repository\org\junit\platform\junit-platform-engine\1.10.1\junit-platform-engine-1.10.1.jar;C:\Users\JoaoAndrade\.m2\repository\com\thoughtworks\xstream\xstream\1.4.20\xstream-1.4.20.jar;C:\Users\JoaoAndrade\.m2\repository\io\github\x-stream\mxparser\1.2.2\mxparser-1.2.2.jar;C:\Users\JoaoAndrade\.m2\repository\xmlpull\xmlpull\1.1.3.1\xmlpull-1.1.3.1.jar;C:\Users\JoaoAndrade\.m2\repository\io\smallrye\reactive\smallrye-mutiny-vertx-web-client\3.7.2\smallrye-mutiny-vertx-web-client-3.7.2.jar;C:\Users\JoaoAndrade\.m2\repository\io\vertx\vertx-web-client\4.4.6\vertx-web-client-4.4.6.jar;C:\Users\JoaoAndrade\.m2\repository\io\vertx\vertx-uri-template\4.4.6\vertx-uri-template-4.4.6.jar;C:\Users\JoaoAndrade\.m2\repository\io\vertx\vertx-web-common\4.4.6\vertx-web-common-4.4.6.jar;C:\Users\JoaoAndrade\.m2\repository\io\vertx\vertx-auth-common\4.4.6\vertx-auth-common-4.4.6.jar;C:\Users\JoaoAndrade\.m2\repository\io\smallrye\reactive\smallrye-mutiny-vertx-auth-common\3.7.2\smallrye-mutiny-vertx-auth-common-3.7.2.jar;C:\Users\JoaoAndrade\.m2\repository\io\smallrye\reactive\smallrye-mutiny-vertx-web-common\3.7.2\smallrye-mutiny-vertx-web-common-3.7.2.jar;C:\Users\JoaoAndrade\.m2\repository\io\smallrye\reactive\smallrye-mutiny-vertx-uri-template\3.7.2\smallrye-mutiny-vertx-uri-template-3.7.2.jar;C:\Users\JoaoAndrade\.m2\repository\io\quarkus\quarkus-flyway\3.6.7\quarkus-flyway-3.6.7.jar;C:\Users\JoaoAndrade\.m2\repository\org\flywaydb\flyway-core\9.22.3\flyway-core-9.22.3.jar;C:\Users\JoaoAndrade\.m2\repository\com\fasterxml\jackson\dataformat\jackson-dataformat-toml\2.15.3\jackson-dataformat-toml-2.15.3.jar;C:\Users\JoaoAndrade\.m2\repository\io\quarkus\quarkus-agroal\3.6.7\quarkus-agroal-3.6.7.jar;C:\Users\JoaoAndrade\.m2\repository\io\agroal\agroal-api\2.1\agroal-api-2.1.jar;C:\Users\JoaoAndrade\.m2\repository\io\agroal\agroal-narayana\2.1\agroal-narayana-2.1.jar;C:\Users\JoaoAndrade\.m2\repository\org\jboss\jboss-transaction-spi\8.0.0.Final\jboss-transaction-spi-8.0.0.Final.jar;C:\Users\JoaoAndrade\.m2\repository\io\agroal\agroal-pool\2.1\agroal-pool-2.1.jar;C:\Users\JoaoAndrade\.m2\repository\io\quarkus\quarkus-narayana-jta\3.6.7\quarkus-narayana-jta-3.6.7.jar;C:\Users\JoaoAndrade\.m2\repository\io\quarkus\quarkus-transaction-annotations\3.6.7\quarkus-transaction-annotations-3.6.7.jar;C:\Users\JoaoAndrade\.m2\repository\io\smallrye\smallrye-context-propagation-jta\2.1.0\smallrye-context-propagation-jta-2.1.0.jar;C:\Users\JoaoAndrade\.m2\repository\io\smallrye\reactive\smallrye-reactive-converter-api\3.0.1\smallrye-reactive-converter-api-3.0.1.jar;C:\Users\JoaoAndrade\.m2\repository\org\reactivestreams\reactive-streams\1.0.4\reactive-streams-1.0.4.jar;C:\Users\JoaoAndrade\.m2\repository\io\smallrye\reactive\smallrye-reactive-converter-mutiny\3.0.1\smallrye-reactive-converter-mutiny-3.0.1.jar;C:\Users\JoaoAndrade\.m2\repository\io\smallrye\reactive\mutiny-zero-flow-adapters\1.0.0\mutiny-zero-flow-adapters-1.0.0.jar;C:\Users\JoaoAndrade\.m2\repository\org\jboss\narayana\jta\narayana-jta\7.0.0.Final\narayana-jta-7.0.0.Final.jar;C:\Users\JoaoAndrade\.m2\repository\jakarta\resource\jakarta.resource-api\2.1.0\jakarta.resource-api-2.1.0.jar;C:\Users\JoaoAndrade\.m2\repository\org\jboss\invocation\jboss-invocation\2.0.0.Final\jboss-invocation-2.0.0.Final.jar;C:\Users\JoaoAndrade\.m2\repository\org\eclipse\microprofile\reactive-streams-operators\microprofile-reactive-streams-operators-api\3.0\microprofile-reactive-streams-operators-api-3.0.jar;C:\Users\JoaoAndrade\.m2\repository\org\jboss\narayana\jts\narayana-jts-integration\7.0.0.Final\narayana-jts-integration-7.0.0.Final.jar;C:\Users\JoaoAndrade\.m2\repository\io\quarkus\quarkus-datasource-common\3.6.7\quarkus-datasource-common-3.6.7.jar;C:\Users\JoaoAndrade\.m2\repository\io\quarkus\quarkus-jdbc-postgresql\3.6.7\quarkus-jdbc-postgresql-3.6.7.jar;C:\Users\JoaoAndrade\.m2\repository\org\postgresql\postgresql\42.6.0\postgresql-42.6.0.jar;C:\Users\JoaoAndrade\.m2\repository\io\quarkus\quarkus-resteasy-reactive-jsonb\3.6.7\quarkus-resteasy-reactive-jsonb-3.6.7.jar;C:\Users\JoaoAndrade\.m2\repository\io\quarkus\resteasy\reactive\resteasy-reactive-jsonb\3.6.7\resteasy-reactive-jsonb-3.6.7.jar;C:\Users\JoaoAndrade\.m2\repository\io\quarkus\resteasy\reactive\resteasy-reactive\3.6.7\resteasy-reactive-3.6.7.jar;C:\Users\JoaoAndrade\.m2\repository\org\eclipse\yasson\3.0.3\yasson-3.0.3.jar;C:\Users\JoaoAndrade\.m2\repository\jakarta\json\bind\jakarta.json.bind-api\3.0.0\jakarta.json.bind-api-3.0.0.jar;C:\Users\JoaoAndrade\.m2\repository\io\quarkus\quarkus-resteasy-reactive-jsonb-common\3.6.7\quarkus-resteasy-reactive-jsonb-common-3.6.7.jar;C:\Users\JoaoAndrade\.m2\repository\io\quarkus\quarkus-jsonb\3.6.7\quarkus-jsonb-3.6.7.jar;C:\Users\JoaoAndrade\.m2\repository\io\quarkus\quarkus-resteasy-reactive\3.6.7\quarkus-resteasy-reactive-3.6.7.jar;C:\Users\JoaoAndrade\.m2\repository\io\quarkus\quarkus-resteasy-reactive-common\3.6.7\quarkus-resteasy-reactive-common-3.6.7.jar;C:\Users\JoaoAndrade\.m2\repository\io\quarkus\resteasy\reactive\resteasy-reactive-common\3.6.7\resteasy-reactive-common-3.6.7.jar;C:\Users\JoaoAndrade\.m2\repository\io\quarkus\resteasy\reactive\resteasy-reactive-common-types\3.6.7\resteasy-reactive-common-types-3.6.7.jar;C:\Users\JoaoAndrade\.m2\repository\io\quarkus\resteasy\reactive\resteasy-reactive-vertx\3.6.7\resteasy-reactive-vertx-3.6.7.jar;C:\Users\JoaoAndrade\.m2\repository\io\vertx\vertx-web\4.4.6\vertx-web-4.4.6.jar;C:\Users\JoaoAndrade\.m2\repository\io\vertx\vertx-bridge-common\4.4.6\vertx-bridge-common-4.4.6.jar;C:\Users\JoaoAndrade\.m2\repository\io\quarkus\quarkus-vertx-http\3.6.7\quarkus-vertx-http-3.6.7.jar;C:\Users\JoaoAndrade\.m2\repository\io\quarkus\quarkus-security-runtime-spi\3.6.7\quarkus-security-runtime-spi-3.6.7.jar;C:\Users\JoaoAndrade\.m2\repository\io\quarkus\security\quarkus-security\2.0.2.Final\quarkus-security-2.0.2.Final.jar;C:\Users\JoaoAndrade\.m2\repository\io\smallrye\reactive\smallrye-mutiny-vertx-web\3.7.2\smallrye-mutiny-vertx-web-3.7.2.jar;C:\Users\JoaoAndrade\.m2\repository\io\smallrye\reactive\smallrye-mutiny-vertx-bridge-common\3.7.2\smallrye-mutiny-vertx-bridge-common-3.7.2.jar;C:\Users\JoaoAndrade\.m2\repository\io\github\crac\org-crac\0.1.3\org-crac-0.1.3.jar;C:\Users\JoaoAndrade\.m2\repository\org\projectlombok\lombok\1.18.30\lombok-1.18.30.jar;C:\Users\JoaoAndrade\.m2\repository\io\quarkus\quarkus-hibernate-reactive-panache\3.6.7\quarkus-hibernate-reactive-panache-3.6.7.jar;C:\Users\JoaoAndrade\.m2\repository\io\quarkus\quarkus-hibernate-reactive-panache-common\3.6.7\quarkus-hibernate-reactive-panache-common-3.6.7.jar;C:\Users\JoaoAndrade\.m2\repository\io\quarkus\quarkus-panache-common\3.6.7\quarkus-panache-common-3.6.7.jar;C:\Users\JoaoAndrade\.m2\repository\io\quarkus\quarkus-panache-hibernate-common\3.6.7\quarkus-panache-hibernate-common-3.6.7.jar;C:\Users\JoaoAndrade\.m2\repository\io\rest-assured\rest-assured\5.3.2\rest-assured-5.3.2.jar;C:\Users\JoaoAndrade\.m2\repository\org\apache\groovy\groovy\4.0.11\groovy-4.0.11.jar;C:\Users\JoaoAndrade\.m2\repository\org\apache\groovy\groovy-xml\4.0.11\groovy-xml-4.0.11.jar;C:\Users\JoaoAndrade\.m2\repository\org\apache\httpcomponents\httpclient\4.5.14\httpclient-4.5.14.jar;C:\Users\JoaoAndrade\.m2\repository\org\apache\httpcomponents\httpcore\4.4.16\httpcore-4.4.16.jar;C:\Users\JoaoAndrade\.m2\repository\commons-codec\commons-codec\1.16.0\commons-codec-1.16.0.jar;C:\Users\JoaoAndrade\.m2\repository\org\apache\httpcomponents\httpmime\4.5.14\httpmime-4.5.14.jar;C:\Users\JoaoAndrade\.m2\repository\org\hamcrest\hamcrest\2.2\hamcrest-2.2.jar;C:\Users\JoaoAndrade\.m2\repository\org\ccil\cowan\tagsoup\tagsoup\1.2.1\tagsoup-1.2.1.jar;C:\Users\JoaoAndrade\.m2\repository\io\rest-assured\json-path\5.3.2\json-path-5.3.2.jar;C:\Users\JoaoAndrade\.m2\repository\org\apache\groovy\groovy-json\4.0.11\groovy-json-4.0.11.jar;C:\Users\JoaoAndrade\.m2\repository\io\rest-assured\rest-assured-common\5.3.2\rest-assured-common-5.3.2.jar;C:\Users\JoaoAndrade\.m2\repository\io\rest-assured\xml-path\5.3.2\xml-path-5.3.2.jar;C:\Users\JoaoAndrade\.m2\repository\org\apache\commons\commons-lang3\3.13.0\commons-lang3-3.13.0.jar;C:\Users\JoaoAndrade\.m2\repository\javax\annotation\javax.annotation-api\1.3.2\javax.annotation-api-1.3.2.jar;C:\Users\JoaoAndrade\.m2\repository\com\google\code\findbugs\jsr305\3.0.2\jsr305-3.0.2.jar;C:\Users\JoaoAndrade\.m2\repository\com\squareup\okhttp3\okhttp\5.0.0-alpha.12\okhttp-5.0.0-alpha.12.jar;C:\Users\JoaoAndrade\.m2\repository\com\squareup\okhttp3\okhttp-jvm\5.0.0-alpha.12\okhttp-jvm-5.0.0-alpha.12.jar;C:\Users\JoaoAndrade\.m2\repository\com\squareup\okio\okio-jvm\3.7.0\okio-jvm-3.7.0.jar;C:\Users\JoaoAndrade\.m2\repository\com\squareup\okhttp3\logging-interceptor\5.0.0-alpha.12\logging-interceptor-5.0.0-alpha.12.jar;C:\Users\JoaoAndrade\.m2\repository\org\jetbrains\kotlin\kotlin-stdlib\1.9.22\kotlin-stdlib-1.9.22.jar;C:\Users\JoaoAndrade\.m2\repository\org\jetbrains\annotations\24.0.1\annotations-24.0.1.jar;C:\Users\JoaoAndrade\.m2\repository\io\gsonfire\gson-fire\1.9.0\gson-fire-1.9.0.jar;C:\Users\JoaoAndrade\.m2\repository\com\google\code\gson\gson\2.10.1\gson-2.10.1.jar;C:\Users\JoaoAndrade\.m2\repository\org\mapstruct\mapstruct\1.5.5.Final\mapstruct-1.5.5.Final.jar;C:\Users\JoaoAndrade\.m2\repository\io\quarkus\quarkus-junit5-mockito\3.7.1\quarkus-junit5-mockito-3.7.1.jar;C:\Users\JoaoAndrade\.m2\repository\org\mockito\mockito-junit-jupiter\5.3.1\mockito-junit-jupiter-5.3.1.jar;C:\Users\JoaoAndrade\.m2\repository\org\mockito\mockito-core\5.3.1\mockito-core-5.3.1.jar;C:\Users\JoaoAndrade\.m2\repository\net\bytebuddy\byte-buddy-agent\1.14.4\byte-buddy-agent-1.14.4.jar;C:\Users\JoaoAndrade\.m2\repository\org\objenesis\objenesis\3.3\objenesis-3.3.jar;C:\Users\JoaoAndrade\.m2\repository\io\quarkus\quarkus-junit5-mockito-config\3.6.7\quarkus-junit5-mockito-config-3.6.7.jar;C:\Users\JoaoAndrade\.m2\repository\io\quarkus\quarkus-arc-deployment\3.6.7\quarkus-arc-deployment-3.6.7.jar;C:\Users\JoaoAndrade\.m2\repository\io\quarkus\quarkus-smallrye-context-propagation-spi\3.6.7\quarkus-smallrye-context-propagation-spi-3.6.7.jar;C:\Users\JoaoAndrade\.m2\repository\io\quarkus\quarkus-vertx-http-dev-ui-spi\3.6.7\quarkus-vertx-http-dev-ui-spi-3.6.7.jar;C:\Users\JoaoAndrade\.m2\repository\io\quarkus\arc\arc-processor\3.6.7\arc-processor-3.6.7.jar;C:\Users\JoaoAndrade\.m2\repository\org\mockito\mockito-subclass\5.3.1\mockito-subclass-5.3.1.jar;C:\Users\JoaoAndrade\.m2\repository\io\quarkus\quarkus-jacoco\3.6.7\quarkus-jacoco-3.6.7.jar;C:\Users\JoaoAndrade\.m2\repository\org\jacoco\org.jacoco.core\0.8.11\org.jacoco.core-0.8.11.jar;C:\Users\JoaoAndrade\.m2\repository\org\ow2\asm\asm\9.6\asm-9.6.jar;C:\Users\JoaoAndrade\.m2\repository\org\ow2\asm\asm-tree\9.6\asm-tree-9.6.jar;C:\Users\JoaoAndrade\.m2\repository\org\jacoco\org.jacoco.report\0.8.11\org.jacoco.report-0.8.11.jar;C:\Users\JoaoAndrade\.m2\repository\org\jacoco\org.jacoco.agent\0.8.11\org.jacoco.agent-0.8.11.jar;C:\Users\JoaoAndrade\.m2\repository\org\jacoco\org.jacoco.agent\0.8.11\org.jacoco.agent-0.8.11-runtime.jar;C:\Users\JoaoAndrade\.m2\repository\org\ow2\asm\asm-commons\9.6\asm-commons-9.6.jar;"/>
    <property name="sun.cpu.endian" value="little"/>
    <property name="vertx.disableWebsockets" value="true"/>
    <property name="user.home" value="C:\Users\JoaoAndrade"/>
    <property name="user.language" value="en"/>
    <property name="jboss.log-version" value="false"/>
    <property name="java.specification.vendor" value="Oracle Corporation"/>
    <property name="io.netty.allocator.maxOrder" value="3"/>
    <property name="java.version.date" value="2023-10-17"/>
    <property name="java.home" value="C:\Program Files\Java\jdk-17"/>
    <property name="file.separator" value="\"/>
    <property name="style.color" value="always"/>
    <property name="basedir" value="C:\Users\JoaoAndrade\Documents\Projects\Quarkus\quarkus_app"/>
    <property name="java.vm.compressedOopsMode" value="Zero based"/>
    <property name="line.separator" value="&#10;"/>
    <property name="java.vm.specification.vendor" value="Oracle Corporation"/>
    <property name="java.specification.name" value="Java Platform API Specification"/>
    <property name="surefire.real.class.path" value="C:\Users\JoaoAndrade\AppData\Local\Temp\surefire15040642171845788729\surefirebooter-20240207095015379_3.jar"/>
    <property name="user.script" value=""/>
    <property name="sun.management.compiler" value="HotSpot 64-Bit Tiered Compilers"/>
    <property name="java.runtime.version" value="17.0.9+11-LTS-201"/>
    <property name="user.name" value="JoaoAndrade"/>
    <property name="dev.resteasy.exception.mapper" value="false"/>
    <property name="path.separator" value=";"/>
    <property name="os.version" value="10.0"/>
    <property name="java.runtime.name" value="Java(TM) SE Runtime Environment"/>
    <property name="file.encoding" value="Cp1252"/>
    <property name="java.vm.name" value="Java HotSpot(TM) 64-Bit Server VM"/>
    <property name="localRepository" value="C:\Users\JoaoAndrade\.m2\repository"/>
    <property name="java.vendor.url.bug" value="https://bugreport.java.com/bugreport/"/>
    <property name="java.io.tmpdir" value="C:\Users\JOAOAN~1\AppData\Local\Temp\"/>
    <property name="quarkus.log.file.path" value="target\quarkus.log"/>
    <property name="java.version" value="17.0.9"/>
    <property name="java.util.concurrent.ForkJoinPool.common.threadFactory" value="io.quarkus.bootstrap.forkjoin.QuarkusForkJoinWorkerThreadFactory"/>
    <property name="user.dir" value="C:\Users\JoaoAndrade\Documents\Projects\Quarkus\quarkus_app"/>
    <property name="os.arch" value="amd64"/>
    <property name="java.vm.specification.name" value="Java Virtual Machine Specification"/>
    <property name="vertx.disableDnsResolver" value="true"/>
    <property name="sun.os.patch.level" value=""/>
    <property name="native.encoding" value="Cp1252"/>
    <property name="java.util.logging.manager" value="org.jboss.logmanager.LogManager"/>
    <property name="java.library.path" value="C:\Program Files\Java\jdk-17\bin;C:\WINDOWS\Sun\Java\bin;C:\WINDOWS\system32;C:\WINDOWS;C:\Users\JoaoAndrade\.sdkman\candidates\grails\current\bin;C:\Program Files\Git\mingw64\bin;C:\Program Files\Git\usr\bin;C:\Users\JoaoAndrade\bin;C:\ProgramData\Oracle\Java\javapath;C:\Program Files\Python311\Scripts;C:\Program Files\Python311;C:\Program Files\Common Files\Oracle\Java\javapath;C:\Program Files (x86)\Microsoft SDKs\Azure\CLI2\wbin;C:\Python311\Scripts;C:\Python311;C:\Program Files (x86)\VMware\VMware Player\bin;C:\WINDOWS\system32;C:\WINDOWS;C:\WINDOWS\System32\Wbem;C:\WINDOWS\System32\WindowsPowerShell\v1.0;C:\WINDOWS\System32\OpenSSH;C:\Program Files\Docker\Docker\resources\bin;C:\ProgramData\chocolatey\bin;C:\Program Files\dotnet;C:\Program Files\Git\cmd;C:\Program Files\nodejs;C:\Users\JoaoAndrade\.jbang\bin;C:\Users\JoaoAndrade\AppData\Local\Microsoft\WindowsApps;C:\Users\JoaoAndrade\AppData\Local\GitHubDesktop\bin;C:\Program Files\Maven\apache-maven-3.9.0\bin;C:\Program Files\Java\jdk-17\bin;C:\Users\JoaoAndrade\AppData\Local\Programs\Microsoft VS Code\bin;C:\Users\JoaoAndrade\AppData\Roaming\npm;C:\Program Files\PostgreSQL\9.5\bin;C:\dev\mandrel-java21-23.1.2.0-Final\bin;."/>
    <property name="java.vm.info" value="mixed mode, sharing"/>
    <property name="java.vendor" value="Oracle Corporation"/>
    <property name="vertx.disableTCCL" value="true"/>
    <property name="java.vm.version" value="17.0.9+11-LTS-201"/>
    <property name="sun.io.unicode.encoding" value="UnicodeLittle"/>
    <property name="io.netty.machineId" value="0f:7b:8b:9c:6f:aa:bb:22"/>
    <property name="java.class.version" value="61.0"/>
    <property name="jacoco-agent.destfile" value="C:\Users\JoaoAndrade\Documents\Projects\Quarkus\quarkus_app\target\jacoco-quarkus.exec"/>
  </properties>
  <testcase name="getAllEnclosures" classname="org.acme.rest.EnclosureResourceTest" time="0.08">
    <system-err><![CDATA[java.lang.instrument.IllegalClassFormatException: Error while instrumenting org/openapi/quarkus/api_yaml/model/EnclosureViewModel with JaCoCo 0.8.11.202310140853/f33756c.
	at org.jacoco.agent.rt.internal_4742761.CoverageTransformer.transform(CoverageTransformer.java:94)
	at java.instrument/java.lang.instrument.ClassFileTransformer.transform(ClassFileTransformer.java:244)
	at java.instrument/sun.instrument.TransformerManager.transform(TransformerManager.java:188)
	at java.instrument/sun.instrument.InstrumentationImpl.transform(InstrumentationImpl.java:541)
	at java.base/java.lang.ClassLoader.defineClass1(Native Method)
	at java.base/java.lang.ClassLoader.defineClass(ClassLoader.java:1012)
	at io.quarkus.bootstrap.classloading.QuarkusClassLoader.loadClass(QuarkusClassLoader.java:508)
	at io.quarkus.bootstrap.classloading.QuarkusClassLoader.loadClass(QuarkusClassLoader.java:468)
	at org.acme.maps.EnclosureMapperImpl.mapToVm(EnclosureMapperImpl.java:119)
	at org.acme.maps.EnclosureMapperImpl.mapToVm(EnclosureMapperImpl.java:107)
	at org.acme.maps.EnclosureMapperImpl_ClientProxy.mapToVm(Unknown Source)
	at io.smallrye.context.impl.wrappers.SlowContextualFunction.apply(SlowContextualFunction.java:21)
	at io.smallrye.mutiny.operators.uni.UniOnItemTransform$UniOnItemTransformProcessor.onItem(UniOnItemTransform.java:36)
	at io.smallrye.mutiny.operators.uni.builders.UniCreateFromKnownItem$KnownItemSubscription.forward(UniCreateFromKnownItem.java:38)
	at io.smallrye.mutiny.operators.uni.builders.UniCreateFromKnownItem.subscribe(UniCreateFromKnownItem.java:23)
	at io.smallrye.mutiny.operators.AbstractUni.subscribe(AbstractUni.java:36)
	at io.smallrye.mutiny.operators.uni.UniOnItemTransform.subscribe(UniOnItemTransform.java:22)
	at io.smallrye.mutiny.operators.AbstractUni.subscribe(AbstractUni.java:36)
	at io.smallrye.mutiny.operators.uni.UniOnItemTransform.subscribe(UniOnItemTransform.java:22)
	at io.smallrye.mutiny.operators.AbstractUni.subscribe(AbstractUni.java:36)
	at io.smallrye.mutiny.groups.UniSubscribe.withSubscriber(UniSubscribe.java:51)
	at io.smallrye.mutiny.groups.UniSubscribe.with(UniSubscribe.java:110)
	at io.smallrye.mutiny.groups.UniSubscribe.with(UniSubscribe.java:88)
	at org.jboss.resteasy.reactive.server.handlers.UniResponseHandler.handle(UniResponseHandler.java:19)
	at io.quarkus.resteasy.reactive.server.runtime.QuarkusResteasyReactiveRequestContext.invokeHandler(QuarkusResteasyReactiveRequestContext.java:150)
	at org.jboss.resteasy.reactive.common.core.AbstractResteasyReactiveContext.run(AbstractResteasyReactiveContext.java:147)
	at org.jboss.resteasy.reactive.server.handlers.RestInitialHandler.beginProcessing(RestInitialHandler.java:48)
	at org.jboss.resteasy.reactive.server.vertx.ResteasyReactiveVertxHandler.handle(ResteasyReactiveVertxHandler.java:23)
	at org.jboss.resteasy.reactive.server.vertx.ResteasyReactiveVertxHandler.handle(ResteasyReactiveVertxHandler.java:10)
	at io.vertx.ext.web.impl.RouteState.handleContext(RouteState.java:1286)
	at io.vertx.ext.web.impl.RoutingContextImplBase.iterateNext(RoutingContextImplBase.java:177)
	at io.vertx.ext.web.impl.RoutingContextImpl.next(RoutingContextImpl.java:144)
	at io.quarkus.vertx.http.runtime.options.HttpServerCommonHandlers$1.handle(HttpServerCommonHandlers.java:59)
	at io.quarkus.vertx.http.runtime.options.HttpServerCommonHandlers$1.handle(HttpServerCommonHandlers.java:37)
	at io.vertx.ext.web.impl.RouteState.handleContext(RouteState.java:1286)
	at io.vertx.ext.web.impl.RoutingContextImplBase.iterateNext(RoutingContextImplBase.java:177)
	at io.vertx.ext.web.impl.RoutingContextImpl.next(RoutingContextImpl.java:144)
	at io.quarkus.vertx.http.runtime.security.AbstractHttpAuthorizer.doPermissionCheck(AbstractHttpAuthorizer.java:96)
	at io.quarkus.vertx.http.runtime.security.AbstractHttpAuthorizer$2.accept(AbstractHttpAuthorizer.java:113)
	at io.quarkus.vertx.http.runtime.security.AbstractHttpAuthorizer$2.accept(AbstractHttpAuthorizer.java:102)
	at io.smallrye.context.impl.wrappers.SlowContextualConsumer.accept(SlowContextualConsumer.java:21)
	at io.smallrye.mutiny.helpers.UniCallbackSubscriber.onItem(UniCallbackSubscriber.java:73)
	at io.smallrye.mutiny.operators.uni.builders.UniCreateFromKnownItem$KnownItemSubscription.forward(UniCreateFromKnownItem.java:38)
	at io.smallrye.mutiny.operators.uni.builders.UniCreateFromKnownItem.subscribe(UniCreateFromKnownItem.java:23)
	at io.smallrye.mutiny.operators.AbstractUni.subscribe(AbstractUni.java:36)
	at io.smallrye.mutiny.groups.UniSubscribe.withSubscriber(UniSubscribe.java:51)
	at io.smallrye.mutiny.groups.UniSubscribe.with(UniSubscribe.java:110)
	at io.smallrye.mutiny.groups.UniSubscribe.with(UniSubscribe.java:88)
	at io.quarkus.vertx.http.runtime.security.AbstractHttpAuthorizer.doPermissionCheck(AbstractHttpAuthorizer.java:102)
	at io.quarkus.vertx.http.runtime.security.AbstractHttpAuthorizer.checkPermission(AbstractHttpAuthorizer.java:79)
	at io.quarkus.vertx.http.runtime.security.HttpAuthorizer.checkPermission(HttpAuthorizer.java:16)
	at io.quarkus.vertx.http.runtime.security.HttpSecurityRecorder$1.handle(HttpSecurityRecorder.java:52)
	at io.quarkus.vertx.http.runtime.security.HttpSecurityRecorder$1.handle(HttpSecurityRecorder.java:44)
	at io.vertx.ext.web.impl.RouteState.handleContext(RouteState.java:1286)
	at io.vertx.ext.web.impl.RoutingContextImplBase.iterateNext(RoutingContextImplBase.java:177)
	at io.vertx.ext.web.impl.RoutingContextImpl.next(RoutingContextImpl.java:144)
	at io.quarkus.resteasy.reactive.server.runtime.ResteasyReactiveRecorder$13.handle(ResteasyReactiveRecorder.java:339)
	at io.quarkus.resteasy.reactive.server.runtime.ResteasyReactiveRecorder$13.handle(ResteasyReactiveRecorder.java:332)
	at io.vertx.ext.web.impl.RouteState.handleContext(RouteState.java:1286)
	at io.vertx.ext.web.impl.RoutingContextImplBase.iterateNext(RoutingContextImplBase.java:177)
	at io.vertx.ext.web.impl.RoutingContextImpl.next(RoutingContextImpl.java:144)
	at io.quarkus.vertx.http.runtime.security.HttpSecurityRecorder$AbstractAuthenticationHandler$3$1.onItem(HttpSecurityRecorder.java:284)
	at io.quarkus.vertx.http.runtime.security.HttpSecurityRecorder$AbstractAuthenticationHandler$3$1.onItem(HttpSecurityRecorder.java:274)
	at io.smallrye.mutiny.operators.uni.UniOnItemTransformToUni$UniOnItemTransformToUniProcessor.onItem(UniOnItemTransformToUni.java:60)
	at io.smallrye.mutiny.operators.uni.builders.DefaultUniEmitter.complete(DefaultUniEmitter.java:37)
	at io.smallrye.mutiny.groups.UniOnNull.lambda$failWith$1(UniOnNull.java:46)
	at io.smallrye.context.impl.wrappers.SlowContextualBiConsumer.accept(SlowContextualBiConsumer.java:21)
	at io.smallrye.mutiny.groups.UniOnItem.lambda$transformToUni$4(UniOnItem.java:177)
	at io.smallrye.context.impl.wrappers.SlowContextualConsumer.accept(SlowContextualConsumer.java:21)
	at io.smallrye.mutiny.operators.uni.builders.UniCreateWithEmitter.subscribe(UniCreateWithEmitter.java:22)
	at io.smallrye.mutiny.operators.AbstractUni.subscribe(AbstractUni.java:36)
	at io.smallrye.mutiny.operators.uni.UniOnItemTransformToUni$UniOnItemTransformToUniProcessor.performInnerSubscription(UniOnItemTransformToUni.java:81)
	at io.smallrye.mutiny.operators.uni.UniOnItemTransformToUni$UniOnItemTransformToUniProcessor.onItem(UniOnItemTransformToUni.java:57)
	at io.smallrye.mutiny.operators.uni.builders.UniCreateFromKnownItem$KnownItemSubscription.forward(UniCreateFromKnownItem.java:38)
	at io.smallrye.mutiny.operators.uni.builders.UniCreateFromKnownItem.subscribe(UniCreateFromKnownItem.java:23)
	at io.smallrye.mutiny.operators.AbstractUni.subscribe(AbstractUni.java:36)
	at io.smallrye.mutiny.operators.uni.UniOnItemTransformToUni.subscribe(UniOnItemTransformToUni.java:25)
	at io.smallrye.mutiny.operators.AbstractUni.subscribe(AbstractUni.java:36)
	at io.smallrye.mutiny.groups.UniSubscribe.withSubscriber(UniSubscribe.java:51)
	at io.quarkus.vertx.http.runtime.security.HttpSecurityRecorder$AbstractAuthenticationHandler$3.onItem(HttpSecurityRecorder.java:274)
	at io.quarkus.vertx.http.runtime.security.HttpSecurityRecorder$AbstractAuthenticationHandler$3.onItem(HttpSecurityRecorder.java:260)
	at io.smallrye.mutiny.operators.uni.UniMemoizeOp.forwardTo(UniMemoizeOp.java:123)
	at io.smallrye.mutiny.operators.uni.UniMemoizeOp.notifyAwaiters(UniMemoizeOp.java:135)
	at io.smallrye.mutiny.operators.uni.UniMemoizeOp.onItem(UniMemoizeOp.java:97)
	at io.smallrye.mutiny.operators.uni.builders.UniCreateFromItemSupplier.subscribe(UniCreateFromItemSupplier.java:29)
	at io.smallrye.mutiny.operators.AbstractUni.subscribe(AbstractUni.java:36)
	at io.smallrye.mutiny.groups.UniSubscribe.withSubscriber(UniSubscribe.java:51)
	at io.smallrye.mutiny.operators.uni.UniMemoizeOp.subscribe(UniMemoizeOp.java:59)
	at io.smallrye.mutiny.operators.AbstractUni.subscribe(AbstractUni.java:36)
	at io.smallrye.mutiny.groups.UniSubscribe.withSubscriber(UniSubscribe.java:51)
	at io.quarkus.vertx.http.runtime.security.HttpSecurityRecorder$AbstractAuthenticationHandler.handle(HttpSecurityRecorder.java:260)
	at io.quarkus.vertx.http.runtime.security.HttpSecurityRecorder$AbstractAuthenticationHandler.handle(HttpSecurityRecorder.java:208)
	at io.vertx.ext.web.impl.RouteState.handleContext(RouteState.java:1286)
	at io.vertx.ext.web.impl.RoutingContextImplBase.iterateNext(RoutingContextImplBase.java:177)
	at io.vertx.ext.web.impl.RoutingContextImpl.next(RoutingContextImpl.java:144)
	at io.vertx.ext.web.impl.RouterImpl.handle(RouterImpl.java:68)
	at io.vertx.ext.web.impl.RouterImpl.handle(RouterImpl.java:37)
	at io.quarkus.vertx.http.runtime.options.HttpServerCommonHandlers$2.handle(HttpServerCommonHandlers.java:83)
	at io.quarkus.vertx.http.runtime.options.HttpServerCommonHandlers$2.handle(HttpServerCommonHandlers.java:66)
	at io.quarkus.vertx.http.runtime.VertxHttpRecorder$1.handle(VertxHttpRecorder.java:162)
	at io.quarkus.vertx.http.runtime.VertxHttpRecorder$1.handle(VertxHttpRecorder.java:138)
	at io.vertx.core.impl.EventLoopContext.emit(EventLoopContext.java:55)
	at io.vertx.core.impl.DuplicatedContext.emit(DuplicatedContext.java:179)
	at io.vertx.core.http.impl.Http1xServerConnection.handleMessage(Http1xServerConnection.java:174)
	at io.vertx.core.net.impl.ConnectionBase.read(ConnectionBase.java:159)
	at io.vertx.core.net.impl.VertxHandler.channelRead(VertxHandler.java:153)
	at io.netty.channel.AbstractChannelHandlerContext.invokeChannelRead(AbstractChannelHandlerContext.java:442)
	at io.netty.channel.AbstractChannelHandlerContext.invokeChannelRead(AbstractChannelHandlerContext.java:420)
	at io.netty.channel.AbstractChannelHandlerContext.fireChannelRead(AbstractChannelHandlerContext.java:412)
	at io.vertx.core.http.impl.Http1xUpgradeToH2CHandler.channelRead(Http1xUpgradeToH2CHandler.java:124)
	at io.netty.channel.AbstractChannelHandlerContext.invokeChannelRead(AbstractChannelHandlerContext.java:444)
	at io.netty.channel.AbstractChannelHandlerContext.invokeChannelRead(AbstractChannelHandlerContext.java:420)
	at io.netty.channel.AbstractChannelHandlerContext.fireChannelRead(AbstractChannelHandlerContext.java:412)
	at io.netty.handler.timeout.IdleStateHandler.channelRead(IdleStateHandler.java:286)
	at io.netty.channel.AbstractChannelHandlerContext.invokeChannelRead(AbstractChannelHandlerContext.java:442)
	at io.netty.channel.AbstractChannelHandlerContext.invokeChannelRead(AbstractChannelHandlerContext.java:420)
	at io.netty.channel.AbstractChannelHandlerContext.fireChannelRead(AbstractChannelHandlerContext.java:412)
	at io.netty.handler.codec.ByteToMessageDecoder.fireChannelRead(ByteToMessageDecoder.java:346)
	at io.netty.handler.codec.ByteToMessageDecoder.channelRead(ByteToMessageDecoder.java:318)
	at io.netty.channel.AbstractChannelHandlerContext.invokeChannelRead(AbstractChannelHandlerContext.java:444)
	at io.netty.channel.AbstractChannelHandlerContext.invokeChannelRead(AbstractChannelHandlerContext.java:420)
	at io.netty.channel.AbstractChannelHandlerContext.fireChannelRead(AbstractChannelHandlerContext.java:412)
	at io.vertx.core.http.impl.Http1xOrH2CHandler.end(Http1xOrH2CHandler.java:61)
	at io.vertx.core.http.impl.Http1xOrH2CHandler.channelRead(Http1xOrH2CHandler.java:38)
	at io.netty.channel.AbstractChannelHandlerContext.invokeChannelRead(AbstractChannelHandlerContext.java:444)
	at io.netty.channel.AbstractChannelHandlerContext.invokeChannelRead(AbstractChannelHandlerContext.java:420)
	at io.netty.channel.AbstractChannelHandlerContext.fireChannelRead(AbstractChannelHandlerContext.java:412)
	at io.netty.handler.timeout.IdleStateHandler.channelRead(IdleStateHandler.java:286)
	at io.netty.channel.AbstractChannelHandlerContext.invokeChannelRead(AbstractChannelHandlerContext.java:442)
	at io.netty.channel.AbstractChannelHandlerContext.invokeChannelRead(AbstractChannelHandlerContext.java:420)
	at io.netty.channel.AbstractChannelHandlerContext.fireChannelRead(AbstractChannelHandlerContext.java:412)
	at io.netty.channel.DefaultChannelPipeline$HeadContext.channelRead(DefaultChannelPipeline.java:1410)
	at io.netty.channel.AbstractChannelHandlerContext.invokeChannelRead(AbstractChannelHandlerContext.java:440)
	at io.netty.channel.AbstractChannelHandlerContext.invokeChannelRead(AbstractChannelHandlerContext.java:420)
	at io.netty.channel.DefaultChannelPipeline.fireChannelRead(DefaultChannelPipeline.java:919)
	at io.netty.channel.nio.AbstractNioByteChannel$NioByteUnsafe.read(AbstractNioByteChannel.java:166)
	at io.netty.channel.nio.NioEventLoop.processSelectedKey(NioEventLoop.java:788)
	at io.netty.channel.nio.NioEventLoop.processSelectedKeysOptimized(NioEventLoop.java:724)
	at io.netty.channel.nio.NioEventLoop.processSelectedKeys(NioEventLoop.java:650)
	at io.netty.channel.nio.NioEventLoop.run(NioEventLoop.java:562)
	at io.netty.util.concurrent.SingleThreadEventExecutor$4.run(SingleThreadEventExecutor.java:997)
	at io.netty.util.internal.ThreadExecutorMap$2.run(ThreadExecutorMap.java:74)
	at io.netty.util.concurrent.FastThreadLocalRunnable.run(FastThreadLocalRunnable.java:30)
	at java.base/java.lang.Thread.run(Thread.java:842)
Caused by: java.io.IOException: Error while instrumenting org/openapi/quarkus/api_yaml/model/EnclosureViewModel with JaCoCo 0.8.11.202310140853/f33756c.
	at org.jacoco.agent.rt.internal_4742761.core.instr.Instrumenter.instrumentError(Instrumenter.java:161)
	at org.jacoco.agent.rt.internal_4742761.core.instr.Instrumenter.instrument(Instrumenter.java:111)
	at org.jacoco.agent.rt.internal_4742761.CoverageTransformer.transform(CoverageTransformer.java:92)
	... 143 more
Caused by: java.lang.IllegalStateException: Cannot process instrumented class org/openapi/quarkus/api_yaml/model/EnclosureViewModel. Please supply original non-instrumented classes.
	at org.jacoco.agent.rt.internal_4742761.core.internal.instr.InstrSupport.assertNotInstrumented(InstrSupport.java:238)
	at org.jacoco.agent.rt.internal_4742761.core.internal.instr.ClassInstrumenter.visitMethod(ClassInstrumenter.java:65)
	at org.jacoco.agent.rt.internal_4742761.core.internal.flow.ClassProbesAdapter.visitMethod(ClassProbesAdapter.java:66)
	at org.jacoco.agent.rt.internal_4742761.asm.ClassReader.readMethod(ClassReader.java:1354)
	at org.jacoco.agent.rt.internal_4742761.asm.ClassReader.accept(ClassReader.java:745)
	at org.jacoco.agent.rt.internal_4742761.asm.ClassReader.accept(ClassReader.java:425)
	at org.jacoco.agent.rt.internal_4742761.core.instr.Instrumenter.instrument(Instrumenter.java:91)
	at org.jacoco.agent.rt.internal_4742761.core.instr.Instrumenter.instrument(Instrumenter.java:109)
	... 144 more
java.lang.instrument.IllegalClassFormatException: Error while instrumenting org/openapi/quarkus/api_yaml/model/SpaceViewModel with JaCoCo 0.8.11.202310140853/f33756c.
	at org.jacoco.agent.rt.internal_4742761.CoverageTransformer.transform(CoverageTransformer.java:94)
	at java.instrument/java.lang.instrument.ClassFileTransformer.transform(ClassFileTransformer.java:244)
	at java.instrument/sun.instrument.TransformerManager.transform(TransformerManager.java:188)
	at java.instrument/sun.instrument.InstrumentationImpl.transform(InstrumentationImpl.java:541)
	at java.base/java.lang.ClassLoader.defineClass1(Native Method)
	at java.base/java.lang.ClassLoader.defineClass(ClassLoader.java:1012)
	at io.quarkus.bootstrap.classloading.QuarkusClassLoader.loadClass(QuarkusClassLoader.java:508)
	at io.quarkus.bootstrap.classloading.QuarkusClassLoader.loadClass(QuarkusClassLoader.java:468)
	at org.acme.maps.EnclosureMapperImpl.spaceDtoToSpaceViewModel(EnclosureMapperImpl.java:228)
	at org.acme.maps.EnclosureMapperImpl.mapToVm(EnclosureMapperImpl.java:122)
	at org.acme.maps.EnclosureMapperImpl.mapToVm(EnclosureMapperImpl.java:107)
	at org.acme.maps.EnclosureMapperImpl_ClientProxy.mapToVm(Unknown Source)
	at io.smallrye.context.impl.wrappers.SlowContextualFunction.apply(SlowContextualFunction.java:21)
	at io.smallrye.mutiny.operators.uni.UniOnItemTransform$UniOnItemTransformProcessor.onItem(UniOnItemTransform.java:36)
	at io.smallrye.mutiny.operators.uni.builders.UniCreateFromKnownItem$KnownItemSubscription.forward(UniCreateFromKnownItem.java:38)
	at io.smallrye.mutiny.operators.uni.builders.UniCreateFromKnownItem.subscribe(UniCreateFromKnownItem.java:23)
	at io.smallrye.mutiny.operators.AbstractUni.subscribe(AbstractUni.java:36)
	at io.smallrye.mutiny.operators.uni.UniOnItemTransform.subscribe(UniOnItemTransform.java:22)
	at io.smallrye.mutiny.operators.AbstractUni.subscribe(AbstractUni.java:36)
	at io.smallrye.mutiny.operators.uni.UniOnItemTransform.subscribe(UniOnItemTransform.java:22)
	at io.smallrye.mutiny.operators.AbstractUni.subscribe(AbstractUni.java:36)
	at io.smallrye.mutiny.groups.UniSubscribe.withSubscriber(UniSubscribe.java:51)
	at io.smallrye.mutiny.groups.UniSubscribe.with(UniSubscribe.java:110)
	at io.smallrye.mutiny.groups.UniSubscribe.with(UniSubscribe.java:88)
	at org.jboss.resteasy.reactive.server.handlers.UniResponseHandler.handle(UniResponseHandler.java:19)
	at io.quarkus.resteasy.reactive.server.runtime.QuarkusResteasyReactiveRequestContext.invokeHandler(QuarkusResteasyReactiveRequestContext.java:150)
	at org.jboss.resteasy.reactive.common.core.AbstractResteasyReactiveContext.run(AbstractResteasyReactiveContext.java:147)
	at org.jboss.resteasy.reactive.server.handlers.RestInitialHandler.beginProcessing(RestInitialHandler.java:48)
	at org.jboss.resteasy.reactive.server.vertx.ResteasyReactiveVertxHandler.handle(ResteasyReactiveVertxHandler.java:23)
	at org.jboss.resteasy.reactive.server.vertx.ResteasyReactiveVertxHandler.handle(ResteasyReactiveVertxHandler.java:10)
	at io.vertx.ext.web.impl.RouteState.handleContext(RouteState.java:1286)
	at io.vertx.ext.web.impl.RoutingContextImplBase.iterateNext(RoutingContextImplBase.java:177)
	at io.vertx.ext.web.impl.RoutingContextImpl.next(RoutingContextImpl.java:144)
	at io.quarkus.vertx.http.runtime.options.HttpServerCommonHandlers$1.handle(HttpServerCommonHandlers.java:59)
	at io.quarkus.vertx.http.runtime.options.HttpServerCommonHandlers$1.handle(HttpServerCommonHandlers.java:37)
	at io.vertx.ext.web.impl.RouteState.handleContext(RouteState.java:1286)
	at io.vertx.ext.web.impl.RoutingContextImplBase.iterateNext(RoutingContextImplBase.java:177)
	at io.vertx.ext.web.impl.RoutingContextImpl.next(RoutingContextImpl.java:144)
	at io.quarkus.vertx.http.runtime.security.AbstractHttpAuthorizer.doPermissionCheck(AbstractHttpAuthorizer.java:96)
	at io.quarkus.vertx.http.runtime.security.AbstractHttpAuthorizer$2.accept(AbstractHttpAuthorizer.java:113)
	at io.quarkus.vertx.http.runtime.security.AbstractHttpAuthorizer$2.accept(AbstractHttpAuthorizer.java:102)
	at io.smallrye.context.impl.wrappers.SlowContextualConsumer.accept(SlowContextualConsumer.java:21)
	at io.smallrye.mutiny.helpers.UniCallbackSubscriber.onItem(UniCallbackSubscriber.java:73)
	at io.smallrye.mutiny.operators.uni.builders.UniCreateFromKnownItem$KnownItemSubscription.forward(UniCreateFromKnownItem.java:38)
	at io.smallrye.mutiny.operators.uni.builders.UniCreateFromKnownItem.subscribe(UniCreateFromKnownItem.java:23)
	at io.smallrye.mutiny.operators.AbstractUni.subscribe(AbstractUni.java:36)
	at io.smallrye.mutiny.groups.UniSubscribe.withSubscriber(UniSubscribe.java:51)
	at io.smallrye.mutiny.groups.UniSubscribe.with(UniSubscribe.java:110)
	at io.smallrye.mutiny.groups.UniSubscribe.with(UniSubscribe.java:88)
	at io.quarkus.vertx.http.runtime.security.AbstractHttpAuthorizer.doPermissionCheck(AbstractHttpAuthorizer.java:102)
	at io.quarkus.vertx.http.runtime.security.AbstractHttpAuthorizer.checkPermission(AbstractHttpAuthorizer.java:79)
	at io.quarkus.vertx.http.runtime.security.HttpAuthorizer.checkPermission(HttpAuthorizer.java:16)
	at io.quarkus.vertx.http.runtime.security.HttpSecurityRecorder$1.handle(HttpSecurityRecorder.java:52)
	at io.quarkus.vertx.http.runtime.security.HttpSecurityRecorder$1.handle(HttpSecurityRecorder.java:44)
	at io.vertx.ext.web.impl.RouteState.handleContext(RouteState.java:1286)
	at io.vertx.ext.web.impl.RoutingContextImplBase.iterateNext(RoutingContextImplBase.java:177)
	at io.vertx.ext.web.impl.RoutingContextImpl.next(RoutingContextImpl.java:144)
	at io.quarkus.resteasy.reactive.server.runtime.ResteasyReactiveRecorder$13.handle(ResteasyReactiveRecorder.java:339)
	at io.quarkus.resteasy.reactive.server.runtime.ResteasyReactiveRecorder$13.handle(ResteasyReactiveRecorder.java:332)
	at io.vertx.ext.web.impl.RouteState.handleContext(RouteState.java:1286)
	at io.vertx.ext.web.impl.RoutingContextImplBase.iterateNext(RoutingContextImplBase.java:177)
	at io.vertx.ext.web.impl.RoutingContextImpl.next(RoutingContextImpl.java:144)
	at io.quarkus.vertx.http.runtime.security.HttpSecurityRecorder$AbstractAuthenticationHandler$3$1.onItem(HttpSecurityRecorder.java:284)
	at io.quarkus.vertx.http.runtime.security.HttpSecurityRecorder$AbstractAuthenticationHandler$3$1.onItem(HttpSecurityRecorder.java:274)
	at io.smallrye.mutiny.operators.uni.UniOnItemTransformToUni$UniOnItemTransformToUniProcessor.onItem(UniOnItemTransformToUni.java:60)
	at io.smallrye.mutiny.operators.uni.builders.DefaultUniEmitter.complete(DefaultUniEmitter.java:37)
	at io.smallrye.mutiny.groups.UniOnNull.lambda$failWith$1(UniOnNull.java:46)
	at io.smallrye.context.impl.wrappers.SlowContextualBiConsumer.accept(SlowContextualBiConsumer.java:21)
	at io.smallrye.mutiny.groups.UniOnItem.lambda$transformToUni$4(UniOnItem.java:177)
	at io.smallrye.context.impl.wrappers.SlowContextualConsumer.accept(SlowContextualConsumer.java:21)
	at io.smallrye.mutiny.operators.uni.builders.UniCreateWithEmitter.subscribe(UniCreateWithEmitter.java:22)
	at io.smallrye.mutiny.operators.AbstractUni.subscribe(AbstractUni.java:36)
	at io.smallrye.mutiny.operators.uni.UniOnItemTransformToUni$UniOnItemTransformToUniProcessor.performInnerSubscription(UniOnItemTransformToUni.java:81)
	at io.smallrye.mutiny.operators.uni.UniOnItemTransformToUni$UniOnItemTransformToUniProcessor.onItem(UniOnItemTransformToUni.java:57)
	at io.smallrye.mutiny.operators.uni.builders.UniCreateFromKnownItem$KnownItemSubscription.forward(UniCreateFromKnownItem.java:38)
	at io.smallrye.mutiny.operators.uni.builders.UniCreateFromKnownItem.subscribe(UniCreateFromKnownItem.java:23)
	at io.smallrye.mutiny.operators.AbstractUni.subscribe(AbstractUni.java:36)
	at io.smallrye.mutiny.operators.uni.UniOnItemTransformToUni.subscribe(UniOnItemTransformToUni.java:25)
	at io.smallrye.mutiny.operators.AbstractUni.subscribe(AbstractUni.java:36)
	at io.smallrye.mutiny.groups.UniSubscribe.withSubscriber(UniSubscribe.java:51)
	at io.quarkus.vertx.http.runtime.security.HttpSecurityRecorder$AbstractAuthenticationHandler$3.onItem(HttpSecurityRecorder.java:274)
	at io.quarkus.vertx.http.runtime.security.HttpSecurityRecorder$AbstractAuthenticationHandler$3.onItem(HttpSecurityRecorder.java:260)
	at io.smallrye.mutiny.operators.uni.UniMemoizeOp.forwardTo(UniMemoizeOp.java:123)
	at io.smallrye.mutiny.operators.uni.UniMemoizeOp.notifyAwaiters(UniMemoizeOp.java:135)
	at io.smallrye.mutiny.operators.uni.UniMemoizeOp.onItem(UniMemoizeOp.java:97)
	at io.smallrye.mutiny.operators.uni.builders.UniCreateFromItemSupplier.subscribe(UniCreateFromItemSupplier.java:29)
	at io.smallrye.mutiny.operators.AbstractUni.subscribe(AbstractUni.java:36)
	at io.smallrye.mutiny.groups.UniSubscribe.withSubscriber(UniSubscribe.java:51)
	at io.smallrye.mutiny.operators.uni.UniMemoizeOp.subscribe(UniMemoizeOp.java:59)
	at io.smallrye.mutiny.operators.AbstractUni.subscribe(AbstractUni.java:36)
	at io.smallrye.mutiny.groups.UniSubscribe.withSubscriber(UniSubscribe.java:51)
	at io.quarkus.vertx.http.runtime.security.HttpSecurityRecorder$AbstractAuthenticationHandler.handle(HttpSecurityRecorder.java:260)
	at io.quarkus.vertx.http.runtime.security.HttpSecurityRecorder$AbstractAuthenticationHandler.handle(HttpSecurityRecorder.java:208)
	at io.vertx.ext.web.impl.RouteState.handleContext(RouteState.java:1286)
	at io.vertx.ext.web.impl.RoutingContextImplBase.iterateNext(RoutingContextImplBase.java:177)
	at io.vertx.ext.web.impl.RoutingContextImpl.next(RoutingContextImpl.java:144)
	at io.vertx.ext.web.impl.RouterImpl.handle(RouterImpl.java:68)
	at io.vertx.ext.web.impl.RouterImpl.handle(RouterImpl.java:37)
	at io.quarkus.vertx.http.runtime.options.HttpServerCommonHandlers$2.handle(HttpServerCommonHandlers.java:83)
	at io.quarkus.vertx.http.runtime.options.HttpServerCommonHandlers$2.handle(HttpServerCommonHandlers.java:66)
	at io.quarkus.vertx.http.runtime.VertxHttpRecorder$1.handle(VertxHttpRecorder.java:162)
	at io.quarkus.vertx.http.runtime.VertxHttpRecorder$1.handle(VertxHttpRecorder.java:138)
	at io.vertx.core.impl.EventLoopContext.emit(EventLoopContext.java:55)
	at io.vertx.core.impl.DuplicatedContext.emit(DuplicatedContext.java:179)
	at io.vertx.core.http.impl.Http1xServerConnection.handleMessage(Http1xServerConnection.java:174)
	at io.vertx.core.net.impl.ConnectionBase.read(ConnectionBase.java:159)
	at io.vertx.core.net.impl.VertxHandler.channelRead(VertxHandler.java:153)
	at io.netty.channel.AbstractChannelHandlerContext.invokeChannelRead(AbstractChannelHandlerContext.java:442)
	at io.netty.channel.AbstractChannelHandlerContext.invokeChannelRead(AbstractChannelHandlerContext.java:420)
	at io.netty.channel.AbstractChannelHandlerContext.fireChannelRead(AbstractChannelHandlerContext.java:412)
	at io.vertx.core.http.impl.Http1xUpgradeToH2CHandler.channelRead(Http1xUpgradeToH2CHandler.java:124)
	at io.netty.channel.AbstractChannelHandlerContext.invokeChannelRead(AbstractChannelHandlerContext.java:444)
	at io.netty.channel.AbstractChannelHandlerContext.invokeChannelRead(AbstractChannelHandlerContext.java:420)
	at io.netty.channel.AbstractChannelHandlerContext.fireChannelRead(AbstractChannelHandlerContext.java:412)
	at io.netty.handler.timeout.IdleStateHandler.channelRead(IdleStateHandler.java:286)
	at io.netty.channel.AbstractChannelHandlerContext.invokeChannelRead(AbstractChannelHandlerContext.java:442)
	at io.netty.channel.AbstractChannelHandlerContext.invokeChannelRead(AbstractChannelHandlerContext.java:420)
	at io.netty.channel.AbstractChannelHandlerContext.fireChannelRead(AbstractChannelHandlerContext.java:412)
	at io.netty.handler.codec.ByteToMessageDecoder.fireChannelRead(ByteToMessageDecoder.java:346)
	at io.netty.handler.codec.ByteToMessageDecoder.channelRead(ByteToMessageDecoder.java:318)
	at io.netty.channel.AbstractChannelHandlerContext.invokeChannelRead(AbstractChannelHandlerContext.java:444)
	at io.netty.channel.AbstractChannelHandlerContext.invokeChannelRead(AbstractChannelHandlerContext.java:420)
	at io.netty.channel.AbstractChannelHandlerContext.fireChannelRead(AbstractChannelHandlerContext.java:412)
	at io.vertx.core.http.impl.Http1xOrH2CHandler.end(Http1xOrH2CHandler.java:61)
	at io.vertx.core.http.impl.Http1xOrH2CHandler.channelRead(Http1xOrH2CHandler.java:38)
	at io.netty.channel.AbstractChannelHandlerContext.invokeChannelRead(AbstractChannelHandlerContext.java:444)
	at io.netty.channel.AbstractChannelHandlerContext.invokeChannelRead(AbstractChannelHandlerContext.java:420)
	at io.netty.channel.AbstractChannelHandlerContext.fireChannelRead(AbstractChannelHandlerContext.java:412)
	at io.netty.handler.timeout.IdleStateHandler.channelRead(IdleStateHandler.java:286)
	at io.netty.channel.AbstractChannelHandlerContext.invokeChannelRead(AbstractChannelHandlerContext.java:442)
	at io.netty.channel.AbstractChannelHandlerContext.invokeChannelRead(AbstractChannelHandlerContext.java:420)
	at io.netty.channel.AbstractChannelHandlerContext.fireChannelRead(AbstractChannelHandlerContext.java:412)
	at io.netty.channel.DefaultChannelPipeline$HeadContext.channelRead(DefaultChannelPipeline.java:1410)
	at io.netty.channel.AbstractChannelHandlerContext.invokeChannelRead(AbstractChannelHandlerContext.java:440)
	at io.netty.channel.AbstractChannelHandlerContext.invokeChannelRead(AbstractChannelHandlerContext.java:420)
	at io.netty.channel.DefaultChannelPipeline.fireChannelRead(DefaultChannelPipeline.java:919)
	at io.netty.channel.nio.AbstractNioByteChannel$NioByteUnsafe.read(AbstractNioByteChannel.java:166)
	at io.netty.channel.nio.NioEventLoop.processSelectedKey(NioEventLoop.java:788)
	at io.netty.channel.nio.NioEventLoop.processSelectedKeysOptimized(NioEventLoop.java:724)
	at io.netty.channel.nio.NioEventLoop.processSelectedKeys(NioEventLoop.java:650)
	at io.netty.channel.nio.NioEventLoop.run(NioEventLoop.java:562)
	at io.netty.util.concurrent.SingleThreadEventExecutor$4.run(SingleThreadEventExecutor.java:997)
	at io.netty.util.internal.ThreadExecutorMap$2.run(ThreadExecutorMap.java:74)
	at io.netty.util.concurrent.FastThreadLocalRunnable.run(FastThreadLocalRunnable.java:30)
	at java.base/java.lang.Thread.run(Thread.java:842)
Caused by: java.io.IOException: Error while instrumenting org/openapi/quarkus/api_yaml/model/SpaceViewModel with JaCoCo 0.8.11.202310140853/f33756c.
	at org.jacoco.agent.rt.internal_4742761.core.instr.Instrumenter.instrumentError(Instrumenter.java:161)
	at org.jacoco.agent.rt.internal_4742761.core.instr.Instrumenter.instrument(Instrumenter.java:111)
	at org.jacoco.agent.rt.internal_4742761.CoverageTransformer.transform(CoverageTransformer.java:92)
	... 144 more
Caused by: java.lang.IllegalStateException: Cannot process instrumented class org/openapi/quarkus/api_yaml/model/SpaceViewModel. Please supply original non-instrumented classes.
	at org.jacoco.agent.rt.internal_4742761.core.internal.instr.InstrSupport.assertNotInstrumented(InstrSupport.java:238)
	at org.jacoco.agent.rt.internal_4742761.core.internal.instr.ClassInstrumenter.visitMethod(ClassInstrumenter.java:65)
	at org.jacoco.agent.rt.internal_4742761.core.internal.flow.ClassProbesAdapter.visitMethod(ClassProbesAdapter.java:66)
	at org.jacoco.agent.rt.internal_4742761.asm.ClassReader.readMethod(ClassReader.java:1354)
	at org.jacoco.agent.rt.internal_4742761.asm.ClassReader.accept(ClassReader.java:745)
	at org.jacoco.agent.rt.internal_4742761.asm.ClassReader.accept(ClassReader.java:425)
	at org.jacoco.agent.rt.internal_4742761.core.instr.Instrumenter.instrument(Instrumenter.java:91)
	at org.jacoco.agent.rt.internal_4742761.core.instr.Instrumenter.instrument(Instrumenter.java:109)
	... 145 more
]]></system-err>
  </testcase>
  <testcase name="createEnclosure" classname="org.acme.rest.EnclosureResourceTest" time="0.067"/>
  <testcase name="getSingleEnclosure" classname="org.acme.rest.EnclosureResourceTest" time="0.059"/>
</testsuite>